{"/Users/umairkhan/Desktop/veyrivo-CRM/server/controllers/activitiesController.js": {"path":"/Users/umairkhan/Desktop/veyrivo-CRM/server/controllers/activitiesController.js","statementMap":{"0":{"start":{"line":1,"column":21},"end":{"line":1,"column":50}},"1":{"start":{"line":2,"column":21},"end":{"line":2,"column":58}},"2":{"start":{"line":4,"column":19},"end":{"line":33,"column":1}},"3":{"start":{"line":5,"column":14},"end":{"line":8,"column":24}},"4":{"start":{"line":10,"column":2},"end":{"line":10,"column":63}},"5":{"start":{"line":10,"column":22},"end":{"line":10,"column":63}},"6":{"start":{"line":11,"column":2},"end":{"line":11,"column":69}},"7":{"start":{"line":11,"column":24},"end":{"line":11,"column":69}},"8":{"start":{"line":12,"column":2},"end":{"line":12,"column":75}},"9":{"start":{"line":12,"column":26},"end":{"line":12,"column":75}},"10":{"start":{"line":13,"column":2},"end":{"line":15,"column":3}},"11":{"start":{"line":14,"column":4},"end":{"line":14,"column":96}},"12":{"start":{"line":16,"column":2},"end":{"line":16,"column":75}},"13":{"start":{"line":16,"column":26},"end":{"line":16,"column":75}},"14":{"start":{"line":17,"column":2},"end":{"line":19,"column":3}},"15":{"start":{"line":18,"column":4},"end":{"line":18,"column":92}},"16":{"start":{"line":20,"column":2},"end":{"line":20,"column":39}},"17":{"start":{"line":22,"column":17},"end":{"line":22,"column":51}},"18":{"start":{"line":23,"column":20},"end":{"line":23,"column":66}},"19":{"start":{"line":24,"column":2},"end":{"line":24,"column":66}},"20":{"start":{"line":26,"column":15},"end":{"line":26,"column":44}},"21":{"start":{"line":27,"column":16},"end":{"line":27,"column":62}},"22":{"start":{"line":28,"column":15},"end":{"line":28,"column":33}},"23":{"start":{"line":29,"column":13},"end":{"line":29,"column":29}},"24":{"start":{"line":30,"column":2},"end":{"line":30,"column":32}},"25":{"start":{"line":32,"column":2},"end":{"line":32,"column":32}},"26":{"start":{"line":35,"column":22},"end":{"line":49,"column":1}},"27":{"start":{"line":36,"column":2},"end":{"line":48,"column":3}},"28":{"start":{"line":37,"column":35},"end":{"line":37,"column":50}},"29":{"start":{"line":38,"column":35},"end":{"line":38,"column":46}},"30":{"start":{"line":40,"column":4},"end":{"line":40,"column":54}},"31":{"start":{"line":40,"column":15},"end":{"line":40,"column":54}},"32":{"start":{"line":42,"column":4},"end":{"line":45,"column":7}},"33":{"start":{"line":47,"column":4},"end":{"line":47,"column":16}},"34":{"start":{"line":51,"column":20},"end":{"line":72,"column":1}},"35":{"start":{"line":52,"column":2},"end":{"line":71,"column":3}},"36":{"start":{"line":53,"column":28},"end":{"line":61,"column":15}},"37":{"start":{"line":63,"column":4},"end":{"line":66,"column":5}},"38":{"start":{"line":64,"column":6},"end":{"line":64,"column":83}},"39":{"start":{"line":64,"column":37},"end":{"line":64,"column":83}},"40":{"start":{"line":65,"column":6},"end":{"line":65,"column":45}},"41":{"start":{"line":68,"column":4},"end":{"line":68,"column":23}},"42":{"start":{"line":70,"column":4},"end":{"line":70,"column":16}},"43":{"start":{"line":74,"column":23},"end":{"line":97,"column":1}},"44":{"start":{"line":75,"column":2},"end":{"line":96,"column":3}},"45":{"start":{"line":76,"column":25},"end":{"line":80,"column":5}},"46":{"start":{"line":82,"column":28},"end":{"line":89,"column":15}},"47":{"start":{"line":91,"column":4},"end":{"line":91,"column":54}},"48":{"start":{"line":91,"column":15},"end":{"line":91,"column":54}},"49":{"start":{"line":93,"column":4},"end":{"line":93,"column":77}},"50":{"start":{"line":95,"column":4},"end":{"line":95,"column":16}},"51":{"start":{"line":99,"column":23},"end":{"line":131,"column":1}},"52":{"start":{"line":100,"column":2},"end":{"line":130,"column":3}},"53":{"start":{"line":101,"column":23},"end":{"line":104,"column":5}},"54":{"start":{"line":107,"column":4},"end":{"line":109,"column":5}},"55":{"start":{"line":108,"column":6},"end":{"line":108,"column":57}},"56":{"start":{"line":111,"column":28},"end":{"line":120,"column":15}},"57":{"start":{"line":122,"column":4},"end":{"line":125,"column":5}},"58":{"start":{"line":123,"column":6},"end":{"line":123,"column":83}},"59":{"start":{"line":123,"column":37},"end":{"line":123,"column":83}},"60":{"start":{"line":124,"column":6},"end":{"line":124,"column":45}},"61":{"start":{"line":127,"column":4},"end":{"line":127,"column":65}},"62":{"start":{"line":129,"column":4},"end":{"line":129,"column":16}},"63":{"start":{"line":133,"column":23},"end":{"line":147,"column":1}},"64":{"start":{"line":134,"column":2},"end":{"line":146,"column":3}},"65":{"start":{"line":135,"column":22},"end":{"line":139,"column":29}},"66":{"start":{"line":141,"column":4},"end":{"line":141,"column":54}},"67":{"start":{"line":141,"column":15},"end":{"line":141,"column":54}},"68":{"start":{"line":143,"column":4},"end":{"line":143,"column":59}},"69":{"start":{"line":145,"column":4},"end":{"line":145,"column":16}},"70":{"start":{"line":149,"column":30},"end":{"line":174,"column":1}},"71":{"start":{"line":150,"column":2},"end":{"line":173,"column":3}},"72":{"start":{"line":151,"column":17},"end":{"line":151,"column":46}},"73":{"start":{"line":152,"column":23},"end":{"line":152,"column":33}},"74":{"start":{"line":153,"column":4},"end":{"line":153,"column":52}},"75":{"start":{"line":155,"column":28},"end":{"line":166,"column":16}},"76":{"start":{"line":168,"column":4},"end":{"line":168,"column":54}},"77":{"start":{"line":168,"column":15},"end":{"line":168,"column":54}},"78":{"start":{"line":170,"column":4},"end":{"line":170,"column":23}},"79":{"start":{"line":172,"column":4},"end":{"line":172,"column":16}},"80":{"start":{"line":176,"column":29},"end":{"line":196,"column":1}},"81":{"start":{"line":177,"column":2},"end":{"line":195,"column":3}},"82":{"start":{"line":178,"column":28},"end":{"line":188,"column":16}},"83":{"start":{"line":190,"column":4},"end":{"line":190,"column":54}},"84":{"start":{"line":190,"column":15},"end":{"line":190,"column":54}},"85":{"start":{"line":192,"column":4},"end":{"line":192,"column":23}},"86":{"start":{"line":194,"column":4},"end":{"line":194,"column":16}},"87":{"start":{"line":198,"column":25},"end":{"line":222,"column":1}},"88":{"start":{"line":199,"column":2},"end":{"line":221,"column":3}},"89":{"start":{"line":200,"column":33},"end":{"line":203,"column":29}},"90":{"start":{"line":205,"column":18},"end":{"line":210,"column":5}},"91":{"start":{"line":212,"column":4},"end":{"line":216,"column":7}},"92":{"start":{"line":213,"column":6},"end":{"line":213,"column":61}},"93":{"start":{"line":214,"column":6},"end":{"line":214,"column":69}},"94":{"start":{"line":215,"column":6},"end":{"line":215,"column":77}},"95":{"start":{"line":218,"column":4},"end":{"line":218,"column":30}},"96":{"start":{"line":220,"column":4},"end":{"line":220,"column":16}},"97":{"start":{"line":224,"column":0},"end":{"line":233,"column":2}}},"fnMap":{"0":{"name":"(anonymous_0)","decl":{"start":{"line":4,"column":19},"end":{"line":4,"column":20}},"loc":{"start":{"line":4,"column":28},"end":{"line":33,"column":1}},"line":4},"1":{"name":"(anonymous_1)","decl":{"start":{"line":35,"column":22},"end":{"line":35,"column":23}},"loc":{"start":{"line":35,"column":48},"end":{"line":49,"column":1}},"line":35},"2":{"name":"(anonymous_2)","decl":{"start":{"line":51,"column":20},"end":{"line":51,"column":21}},"loc":{"start":{"line":51,"column":46},"end":{"line":72,"column":1}},"line":51},"3":{"name":"(anonymous_3)","decl":{"start":{"line":74,"column":23},"end":{"line":74,"column":24}},"loc":{"start":{"line":74,"column":49},"end":{"line":97,"column":1}},"line":74},"4":{"name":"(anonymous_4)","decl":{"start":{"line":99,"column":23},"end":{"line":99,"column":24}},"loc":{"start":{"line":99,"column":49},"end":{"line":131,"column":1}},"line":99},"5":{"name":"(anonymous_5)","decl":{"start":{"line":133,"column":23},"end":{"line":133,"column":24}},"loc":{"start":{"line":133,"column":49},"end":{"line":147,"column":1}},"line":133},"6":{"name":"(anonymous_6)","decl":{"start":{"line":149,"column":30},"end":{"line":149,"column":31}},"loc":{"start":{"line":149,"column":56},"end":{"line":174,"column":1}},"line":149},"7":{"name":"(anonymous_7)","decl":{"start":{"line":176,"column":29},"end":{"line":176,"column":30}},"loc":{"start":{"line":176,"column":55},"end":{"line":196,"column":1}},"line":176},"8":{"name":"(anonymous_8)","decl":{"start":{"line":198,"column":25},"end":{"line":198,"column":26}},"loc":{"start":{"line":198,"column":51},"end":{"line":222,"column":1}},"line":198},"9":{"name":"(anonymous_9)","decl":{"start":{"line":212,"column":31},"end":{"line":212,"column":32}},"loc":{"start":{"line":212,"column":36},"end":{"line":216,"column":5}},"line":212}},"branchMap":{"0":{"loc":{"start":{"line":10,"column":2},"end":{"line":10,"column":63}},"type":"if","locations":[{"start":{"line":10,"column":2},"end":{"line":10,"column":63}},{"start":{},"end":{}}],"line":10},"1":{"loc":{"start":{"line":11,"column":2},"end":{"line":11,"column":69}},"type":"if","locations":[{"start":{"line":11,"column":2},"end":{"line":11,"column":69}},{"start":{},"end":{}}],"line":11},"2":{"loc":{"start":{"line":12,"column":2},"end":{"line":12,"column":75}},"type":"if","locations":[{"start":{"line":12,"column":2},"end":{"line":12,"column":75}},{"start":{},"end":{}}],"line":12},"3":{"loc":{"start":{"line":13,"column":2},"end":{"line":15,"column":3}},"type":"if","locations":[{"start":{"line":13,"column":2},"end":{"line":15,"column":3}},{"start":{},"end":{}}],"line":13},"4":{"loc":{"start":{"line":13,"column":6},"end":{"line":13,"column":50}},"type":"binary-expr","locations":[{"start":{"line":13,"column":6},"end":{"line":13,"column":26}},{"start":{"line":13,"column":30},"end":{"line":13,"column":50}}],"line":13},"5":{"loc":{"start":{"line":16,"column":2},"end":{"line":16,"column":75}},"type":"if","locations":[{"start":{"line":16,"column":2},"end":{"line":16,"column":75}},{"start":{},"end":{}}],"line":16},"6":{"loc":{"start":{"line":17,"column":2},"end":{"line":19,"column":3}},"type":"if","locations":[{"start":{"line":17,"column":2},"end":{"line":19,"column":3}},{"start":{},"end":{}}],"line":17},"7":{"loc":{"start":{"line":22,"column":17},"end":{"line":22,"column":51}},"type":"binary-expr","locations":[{"start":{"line":22,"column":17},"end":{"line":22,"column":33}},{"start":{"line":22,"column":37},"end":{"line":22,"column":51}}],"line":22},"8":{"loc":{"start":{"line":23,"column":20},"end":{"line":23,"column":66}},"type":"cond-expr","locations":[{"start":{"line":23,"column":52},"end":{"line":23,"column":57}},{"start":{"line":23,"column":60},"end":{"line":23,"column":66}}],"line":23},"9":{"loc":{"start":{"line":26,"column":15},"end":{"line":26,"column":44}},"type":"binary-expr","locations":[{"start":{"line":26,"column":15},"end":{"line":26,"column":39}},{"start":{"line":26,"column":43},"end":{"line":26,"column":44}}],"line":26},"10":{"loc":{"start":{"line":27,"column":25},"end":{"line":27,"column":56}},"type":"binary-expr","locations":[{"start":{"line":27,"column":25},"end":{"line":27,"column":50}},{"start":{"line":27,"column":54},"end":{"line":27,"column":56}}],"line":27},"11":{"loc":{"start":{"line":40,"column":4},"end":{"line":40,"column":54}},"type":"if","locations":[{"start":{"line":40,"column":4},"end":{"line":40,"column":54}},{"start":{},"end":{}}],"line":40},"12":{"loc":{"start":{"line":44,"column":40},"end":{"line":44,"column":50}},"type":"binary-expr","locations":[{"start":{"line":44,"column":40},"end":{"line":44,"column":45}},{"start":{"line":44,"column":49},"end":{"line":44,"column":50}}],"line":44},"13":{"loc":{"start":{"line":44,"column":75},"end":{"line":44,"column":85}},"type":"binary-expr","locations":[{"start":{"line":44,"column":75},"end":{"line":44,"column":80}},{"start":{"line":44,"column":84},"end":{"line":44,"column":85}}],"line":44},"14":{"loc":{"start":{"line":63,"column":4},"end":{"line":66,"column":5}},"type":"if","locations":[{"start":{"line":63,"column":4},"end":{"line":66,"column":5}},{"start":{},"end":{}}],"line":63},"15":{"loc":{"start":{"line":64,"column":6},"end":{"line":64,"column":83}},"type":"if","locations":[{"start":{"line":64,"column":6},"end":{"line":64,"column":83}},{"start":{},"end":{}}],"line":64},"16":{"loc":{"start":{"line":79,"column":16},"end":{"line":79,"column":48}},"type":"binary-expr","locations":[{"start":{"line":79,"column":16},"end":{"line":79,"column":33}},{"start":{"line":79,"column":37},"end":{"line":79,"column":48}}],"line":79},"17":{"loc":{"start":{"line":91,"column":4},"end":{"line":91,"column":54}},"type":"if","locations":[{"start":{"line":91,"column":4},"end":{"line":91,"column":54}},{"start":{},"end":{}}],"line":91},"18":{"loc":{"start":{"line":107,"column":4},"end":{"line":109,"column":5}},"type":"if","locations":[{"start":{"line":107,"column":4},"end":{"line":109,"column":5}},{"start":{},"end":{}}],"line":107},"19":{"loc":{"start":{"line":107,"column":8},"end":{"line":107,"column":65}},"type":"binary-expr","locations":[{"start":{"line":107,"column":8},"end":{"line":107,"column":39}},{"start":{"line":107,"column":43},"end":{"line":107,"column":65}}],"line":107},"20":{"loc":{"start":{"line":122,"column":4},"end":{"line":125,"column":5}},"type":"if","locations":[{"start":{"line":122,"column":4},"end":{"line":125,"column":5}},{"start":{},"end":{}}],"line":122},"21":{"loc":{"start":{"line":123,"column":6},"end":{"line":123,"column":83}},"type":"if","locations":[{"start":{"line":123,"column":6},"end":{"line":123,"column":83}},{"start":{},"end":{}}],"line":123},"22":{"loc":{"start":{"line":141,"column":4},"end":{"line":141,"column":54}},"type":"if","locations":[{"start":{"line":141,"column":4},"end":{"line":141,"column":54}},{"start":{},"end":{}}],"line":141},"23":{"loc":{"start":{"line":151,"column":17},"end":{"line":151,"column":46}},"type":"binary-expr","locations":[{"start":{"line":151,"column":17},"end":{"line":151,"column":41}},{"start":{"line":151,"column":45},"end":{"line":151,"column":46}}],"line":151},"24":{"loc":{"start":{"line":168,"column":4},"end":{"line":168,"column":54}},"type":"if","locations":[{"start":{"line":168,"column":4},"end":{"line":168,"column":54}},{"start":{},"end":{}}],"line":168},"25":{"loc":{"start":{"line":190,"column":4},"end":{"line":190,"column":54}},"type":"if","locations":[{"start":{"line":190,"column":4},"end":{"line":190,"column":54}},{"start":{},"end":{}}],"line":190},"26":{"loc":{"start":{"line":209,"column":13},"end":{"line":209,"column":36}},"type":"binary-expr","locations":[{"start":{"line":209,"column":13},"end":{"line":209,"column":31}},{"start":{"line":209,"column":35},"end":{"line":209,"column":36}}],"line":209},"27":{"loc":{"start":{"line":212,"column":5},"end":{"line":212,"column":21}},"type":"binary-expr","locations":[{"start":{"line":212,"column":5},"end":{"line":212,"column":15}},{"start":{"line":212,"column":19},"end":{"line":212,"column":21}}],"line":212},"28":{"loc":{"start":{"line":213,"column":30},"end":{"line":213,"column":55}},"type":"binary-expr","locations":[{"start":{"line":213,"column":30},"end":{"line":213,"column":50}},{"start":{"line":213,"column":54},"end":{"line":213,"column":55}}],"line":213},"29":{"loc":{"start":{"line":214,"column":34},"end":{"line":214,"column":63}},"type":"binary-expr","locations":[{"start":{"line":214,"column":34},"end":{"line":214,"column":58}},{"start":{"line":214,"column":62},"end":{"line":214,"column":63}}],"line":214},"30":{"loc":{"start":{"line":215,"column":38},"end":{"line":215,"column":71}},"type":"binary-expr","locations":[{"start":{"line":215,"column":38},"end":{"line":215,"column":66}},{"start":{"line":215,"column":70},"end":{"line":215,"column":71}}],"line":215}},"s":{"0":1,"1":1,"2":1,"3":3,"4":3,"5":0,"6":3,"7":0,"8":3,"9":0,"10":3,"11":0,"12":3,"13":0,"14":3,"15":0,"16":3,"17":3,"18":3,"19":3,"20":3,"21":3,"22":3,"23":3,"24":3,"25":3,"26":1,"27":3,"28":3,"29":3,"30":3,"31":1,"32":2,"33":1,"34":1,"35":3,"36":3,"37":3,"38":1,"39":0,"40":1,"41":2,"42":1,"43":1,"44":2,"45":2,"46":2,"47":2,"48":1,"49":1,"50":1,"51":1,"52":3,"53":3,"54":3,"55":0,"56":3,"57":3,"58":1,"59":0,"60":1,"61":2,"62":1,"63":1,"64":2,"65":2,"66":2,"67":1,"68":1,"69":1,"70":1,"71":2,"72":2,"73":2,"74":2,"75":2,"76":2,"77":1,"78":1,"79":1,"80":1,"81":2,"82":2,"83":0,"84":0,"85":0,"86":2,"87":1,"88":2,"89":2,"90":2,"91":2,"92":2,"93":2,"94":2,"95":2,"96":0,"97":1},"f":{"0":3,"1":3,"2":3,"3":2,"4":3,"5":2,"6":2,"7":2,"8":2,"9":2},"b":{"0":[0,3],"1":[0,3],"2":[0,3],"3":[0,3],"4":[3,0],"5":[0,3],"6":[0,3],"7":[3,3],"8":[0,3],"9":[3,1],"10":[3,1],"11":[1,2],"12":[2,1],"13":[2,1],"14":[1,2],"15":[0,1],"16":[2,2],"17":[1,1],"18":[0,3],"19":[3,0],"20":[1,2],"21":[0,1],"22":[1,1],"23":[2,2],"24":[1,1],"25":[0,0],"26":[2,1],"27":[2,1],"28":[2,2],"29":[2,2],"30":[2,2]},"_coverageSchema":"1a1c01bbd47fc00a2c39e90264f33305004495a9","hash":"1576a67f335c5428d61b93dfbb79b315ae71ac79"}
,"/Users/umairkhan/Desktop/veyrivo-CRM/server/controllers/analyticsController.js": {"path":"/Users/umairkhan/Desktop/veyrivo-CRM/server/controllers/analyticsController.js","statementMap":{"0":{"start":{"line":1,"column":21},"end":{"line":1,"column":50}},"1":{"start":{"line":2,"column":21},"end":{"line":2,"column":58}},"2":{"start":{"line":4,"column":26},"end":{"line":110,"column":1}},"3":{"start":{"line":5,"column":2},"end":{"line":109,"column":3}},"4":{"start":{"line":6,"column":17},"end":{"line":6,"column":47}},"5":{"start":{"line":7,"column":22},"end":{"line":7,"column":32}},"6":{"start":{"line":8,"column":4},"end":{"line":8,"column":50}},"7":{"start":{"line":11,"column":34},"end":{"line":15,"column":49}},"8":{"start":{"line":18,"column":38},"end":{"line":23,"column":49}},"9":{"start":{"line":26,"column":35},"end":{"line":30,"column":60}},"10":{"start":{"line":33,"column":32},"end":{"line":37,"column":25}},"11":{"start":{"line":40,"column":33},"end":{"line":44,"column":26}},"12":{"start":{"line":47,"column":36},"end":{"line":51,"column":60}},"13":{"start":{"line":53,"column":26},"end":{"line":53,"column":103}},"14":{"start":{"line":53,"column":67},"end":{"line":53,"column":99}},"15":{"start":{"line":54,"column":29},"end":{"line":54,"column":147}},"16":{"start":{"line":54,"column":70},"end":{"line":54,"column":143}},"17":{"start":{"line":57,"column":37},"end":{"line":60,"column":29}},"18":{"start":{"line":62,"column":27},"end":{"line":62,"column":96}},"19":{"start":{"line":65,"column":27},"end":{"line":65,"column":37}},"20":{"start":{"line":66,"column":4},"end":{"line":66,"column":30}},"21":{"start":{"line":67,"column":4},"end":{"line":67,"column":40}},"22":{"start":{"line":69,"column":35},"end":{"line":74,"column":54}},"23":{"start":{"line":76,"column":29},"end":{"line":76,"column":105}},"24":{"start":{"line":76,"column":69},"end":{"line":76,"column":101}},"25":{"start":{"line":79,"column":27},"end":{"line":79,"column":51}},"26":{"start":{"line":80,"column":4},"end":{"line":80,"column":59}},"27":{"start":{"line":82,"column":37},"end":{"line":88,"column":53}},"28":{"start":{"line":90,"column":29},"end":{"line":90,"column":107}},"29":{"start":{"line":90,"column":71},"end":{"line":90,"column":103}},"30":{"start":{"line":92,"column":4},"end":{"line":106,"column":7}},"31":{"start":{"line":108,"column":4},"end":{"line":108,"column":16}},"32":{"start":{"line":112,"column":27},"end":{"line":136,"column":1}},"33":{"start":{"line":113,"column":2},"end":{"line":135,"column":3}},"34":{"start":{"line":114,"column":28},"end":{"line":117,"column":29}},"35":{"start":{"line":119,"column":19},"end":{"line":119,"column":81}},"36":{"start":{"line":120,"column":19},"end":{"line":130,"column":6}},"37":{"start":{"line":121,"column":25},"end":{"line":121,"column":69}},"38":{"start":{"line":121,"column":51},"end":{"line":121,"column":68}},"39":{"start":{"line":122,"column":25},"end":{"line":122,"column":91}},"40":{"start":{"line":122,"column":55},"end":{"line":122,"column":87}},"41":{"start":{"line":123,"column":28},"end":{"line":123,"column":135}},"42":{"start":{"line":123,"column":58},"end":{"line":123,"column":131}},"43":{"start":{"line":124,"column":6},"end":{"line":129,"column":8}},"44":{"start":{"line":132,"column":4},"end":{"line":132,"column":31}},"45":{"start":{"line":134,"column":4},"end":{"line":134,"column":16}},"46":{"start":{"line":138,"column":25},"end":{"line":161,"column":1}},"47":{"start":{"line":139,"column":2},"end":{"line":160,"column":3}},"48":{"start":{"line":140,"column":28},"end":{"line":143,"column":29}},"49":{"start":{"line":145,"column":21},"end":{"line":145,"column":73}},"50":{"start":{"line":146,"column":18},"end":{"line":146,"column":36}},"51":{"start":{"line":148,"column":19},"end":{"line":155,"column":6}},"52":{"start":{"line":149,"column":20},"end":{"line":149,"column":73}},"53":{"start":{"line":149,"column":46},"end":{"line":149,"column":65}},"54":{"start":{"line":150,"column":6},"end":{"line":154,"column":8}},"55":{"start":{"line":157,"column":4},"end":{"line":157,"column":31}},"56":{"start":{"line":159,"column":4},"end":{"line":159,"column":16}},"57":{"start":{"line":163,"column":25},"end":{"line":188,"column":1}},"58":{"start":{"line":164,"column":2},"end":{"line":187,"column":3}},"59":{"start":{"line":165,"column":28},"end":{"line":168,"column":29}},"60":{"start":{"line":170,"column":30},"end":{"line":172,"column":25}},"61":{"start":{"line":174,"column":22},"end":{"line":174,"column":24}},"62":{"start":{"line":175,"column":4},"end":{"line":175,"column":64}},"63":{"start":{"line":175,"column":35},"end":{"line":175,"column":60}},"64":{"start":{"line":177,"column":19},"end":{"line":177,"column":21}},"65":{"start":{"line":178,"column":4},"end":{"line":181,"column":7}},"66":{"start":{"line":179,"column":19},"end":{"line":179,"column":67}},"67":{"start":{"line":180,"column":6},"end":{"line":180,"column":45}},"68":{"start":{"line":183,"column":19},"end":{"line":183,"column":87}},"69":{"start":{"line":183,"column":68},"end":{"line":183,"column":85}},"70":{"start":{"line":184,"column":4},"end":{"line":184,"column":31}},"71":{"start":{"line":186,"column":4},"end":{"line":186,"column":16}},"72":{"start":{"line":190,"column":30},"end":{"line":213,"column":1}},"73":{"start":{"line":191,"column":2},"end":{"line":212,"column":3}},"74":{"start":{"line":192,"column":28},"end":{"line":195,"column":29}},"75":{"start":{"line":197,"column":18},"end":{"line":197,"column":52}},"76":{"start":{"line":198,"column":18},"end":{"line":198,"column":36}},"77":{"start":{"line":200,"column":19},"end":{"line":207,"column":6}},"78":{"start":{"line":201,"column":20},"end":{"line":201,"column":76}},"79":{"start":{"line":201,"column":46},"end":{"line":201,"column":68}},"80":{"start":{"line":202,"column":6},"end":{"line":206,"column":8}},"81":{"start":{"line":209,"column":4},"end":{"line":209,"column":31}},"82":{"start":{"line":211,"column":4},"end":{"line":211,"column":16}},"83":{"start":{"line":215,"column":25},"end":{"line":262,"column":1}},"84":{"start":{"line":216,"column":2},"end":{"line":261,"column":3}},"85":{"start":{"line":217,"column":19},"end":{"line":217,"column":50}},"86":{"start":{"line":218,"column":20},"end":{"line":218,"column":22}},"87":{"start":{"line":220,"column":4},"end":{"line":256,"column":5}},"88":{"start":{"line":220,"column":17},"end":{"line":220,"column":27}},"89":{"start":{"line":221,"column":20},"end":{"line":221,"column":30}},"90":{"start":{"line":222,"column":6},"end":{"line":222,"column":43}},"91":{"start":{"line":223,"column":6},"end":{"line":223,"column":23}},"92":{"start":{"line":224,"column":6},"end":{"line":224,"column":33}},"93":{"start":{"line":226,"column":18},"end":{"line":226,"column":33}},"94":{"start":{"line":227,"column":6},"end":{"line":227,"column":39}},"95":{"start":{"line":229,"column":75},"end":{"line":244,"column":8}},"96":{"start":{"line":246,"column":22},"end":{"line":246,"column":98}},"97":{"start":{"line":246,"column":62},"end":{"line":246,"column":94}},"98":{"start":{"line":247,"column":25},"end":{"line":247,"column":75}},"99":{"start":{"line":249,"column":6},"end":{"line":255,"column":9}},"100":{"start":{"line":258,"column":4},"end":{"line":258,"column":32}},"101":{"start":{"line":260,"column":4},"end":{"line":260,"column":16}},"102":{"start":{"line":264,"column":27},"end":{"line":301,"column":1}},"103":{"start":{"line":265,"column":2},"end":{"line":300,"column":3}},"104":{"start":{"line":266,"column":28},"end":{"line":270,"column":25}},"105":{"start":{"line":272,"column":31},"end":{"line":274,"column":37}},"106":{"start":{"line":276,"column":21},"end":{"line":276,"column":23}},"107":{"start":{"line":277,"column":4},"end":{"line":277,"column":106}},"108":{"start":{"line":277,"column":36},"end":{"line":277,"column":102}},"109":{"start":{"line":279,"column":24},"end":{"line":279,"column":26}},"110":{"start":{"line":280,"column":4},"end":{"line":287,"column":7}},"111":{"start":{"line":281,"column":20},"end":{"line":281,"column":74}},"112":{"start":{"line":282,"column":6},"end":{"line":284,"column":7}},"113":{"start":{"line":283,"column":8},"end":{"line":283,"column":66}},"114":{"start":{"line":285,"column":6},"end":{"line":285,"column":38}},"115":{"start":{"line":286,"column":6},"end":{"line":286,"column":66}},"116":{"start":{"line":289,"column":19},"end":{"line":295,"column":45}},"117":{"start":{"line":289,"column":65},"end":{"line":295,"column":5}},"118":{"start":{"line":295,"column":23},"end":{"line":295,"column":44}},"119":{"start":{"line":297,"column":4},"end":{"line":297,"column":31}},"120":{"start":{"line":299,"column":4},"end":{"line":299,"column":16}},"121":{"start":{"line":303,"column":30},"end":{"line":347,"column":1}},"122":{"start":{"line":304,"column":2},"end":{"line":346,"column":3}},"123":{"start":{"line":305,"column":28},"end":{"line":308,"column":29}},"124":{"start":{"line":310,"column":28},"end":{"line":314,"column":25}},"125":{"start":{"line":316,"column":31},"end":{"line":318,"column":25}},"126":{"start":{"line":320,"column":23},"end":{"line":320,"column":25}},"127":{"start":{"line":321,"column":4},"end":{"line":321,"column":66}},"128":{"start":{"line":321,"column":36},"end":{"line":321,"column":62}},"129":{"start":{"line":323,"column":23},"end":{"line":323,"column":25}},"130":{"start":{"line":324,"column":4},"end":{"line":327,"column":7}},"131":{"start":{"line":325,"column":19},"end":{"line":325,"column":70}},"132":{"start":{"line":326,"column":6},"end":{"line":326,"column":53}},"133":{"start":{"line":329,"column":23},"end":{"line":329,"column":25}},"134":{"start":{"line":330,"column":4},"end":{"line":333,"column":7}},"135":{"start":{"line":331,"column":19},"end":{"line":331,"column":70}},"136":{"start":{"line":332,"column":6},"end":{"line":332,"column":53}},"137":{"start":{"line":335,"column":24},"end":{"line":335,"column":89}},"138":{"start":{"line":336,"column":19},"end":{"line":341,"column":7}},"139":{"start":{"line":336,"column":56},"end":{"line":341,"column":5}},"140":{"start":{"line":343,"column":4},"end":{"line":343,"column":31}},"141":{"start":{"line":345,"column":4},"end":{"line":345,"column":16}},"142":{"start":{"line":349,"column":0},"end":{"line":358,"column":2}}},"fnMap":{"0":{"name":"(anonymous_0)","decl":{"start":{"line":4,"column":26},"end":{"line":4,"column":27}},"loc":{"start":{"line":4,"column":52},"end":{"line":110,"column":1}},"line":4},"1":{"name":"(anonymous_1)","decl":{"start":{"line":53,"column":55},"end":{"line":53,"column":56}},"loc":{"start":{"line":53,"column":67},"end":{"line":53,"column":99}},"line":53},"2":{"name":"(anonymous_2)","decl":{"start":{"line":54,"column":58},"end":{"line":54,"column":59}},"loc":{"start":{"line":54,"column":70},"end":{"line":54,"column":143}},"line":54},"3":{"name":"(anonymous_3)","decl":{"start":{"line":76,"column":57},"end":{"line":76,"column":58}},"loc":{"start":{"line":76,"column":69},"end":{"line":76,"column":101}},"line":76},"4":{"name":"(anonymous_4)","decl":{"start":{"line":90,"column":59},"end":{"line":90,"column":60}},"loc":{"start":{"line":90,"column":71},"end":{"line":90,"column":103}},"line":90},"5":{"name":"(anonymous_5)","decl":{"start":{"line":112,"column":27},"end":{"line":112,"column":28}},"loc":{"start":{"line":112,"column":53},"end":{"line":136,"column":1}},"line":112},"6":{"name":"(anonymous_6)","decl":{"start":{"line":120,"column":30},"end":{"line":120,"column":31}},"loc":{"start":{"line":120,"column":39},"end":{"line":130,"column":5}},"line":120},"7":{"name":"(anonymous_7)","decl":{"start":{"line":121,"column":46},"end":{"line":121,"column":47}},"loc":{"start":{"line":121,"column":51},"end":{"line":121,"column":68}},"line":121},"8":{"name":"(anonymous_8)","decl":{"start":{"line":122,"column":43},"end":{"line":122,"column":44}},"loc":{"start":{"line":122,"column":55},"end":{"line":122,"column":87}},"line":122},"9":{"name":"(anonymous_9)","decl":{"start":{"line":123,"column":46},"end":{"line":123,"column":47}},"loc":{"start":{"line":123,"column":58},"end":{"line":123,"column":131}},"line":123},"10":{"name":"(anonymous_10)","decl":{"start":{"line":138,"column":25},"end":{"line":138,"column":26}},"loc":{"start":{"line":138,"column":51},"end":{"line":161,"column":1}},"line":138},"11":{"name":"(anonymous_11)","decl":{"start":{"line":148,"column":32},"end":{"line":148,"column":33}},"loc":{"start":{"line":148,"column":42},"end":{"line":155,"column":5}},"line":148},"12":{"name":"(anonymous_12)","decl":{"start":{"line":149,"column":41},"end":{"line":149,"column":42}},"loc":{"start":{"line":149,"column":46},"end":{"line":149,"column":65}},"line":149},"13":{"name":"(anonymous_13)","decl":{"start":{"line":163,"column":25},"end":{"line":163,"column":26}},"loc":{"start":{"line":163,"column":51},"end":{"line":188,"column":1}},"line":163},"14":{"name":"(anonymous_14)","decl":{"start":{"line":175,"column":28},"end":{"line":175,"column":29}},"loc":{"start":{"line":175,"column":33},"end":{"line":175,"column":62}},"line":175},"15":{"name":"(anonymous_15)","decl":{"start":{"line":178,"column":26},"end":{"line":178,"column":27}},"loc":{"start":{"line":178,"column":31},"end":{"line":181,"column":5}},"line":178},"16":{"name":"(anonymous_16)","decl":{"start":{"line":183,"column":46},"end":{"line":183,"column":47}},"loc":{"start":{"line":183,"column":68},"end":{"line":183,"column":85}},"line":183},"17":{"name":"(anonymous_17)","decl":{"start":{"line":190,"column":30},"end":{"line":190,"column":31}},"loc":{"start":{"line":190,"column":56},"end":{"line":213,"column":1}},"line":190},"18":{"name":"(anonymous_18)","decl":{"start":{"line":200,"column":29},"end":{"line":200,"column":30}},"loc":{"start":{"line":200,"column":37},"end":{"line":207,"column":5}},"line":200},"19":{"name":"(anonymous_19)","decl":{"start":{"line":201,"column":41},"end":{"line":201,"column":42}},"loc":{"start":{"line":201,"column":46},"end":{"line":201,"column":68}},"line":201},"20":{"name":"(anonymous_20)","decl":{"start":{"line":215,"column":25},"end":{"line":215,"column":26}},"loc":{"start":{"line":215,"column":51},"end":{"line":262,"column":1}},"line":215},"21":{"name":"(anonymous_21)","decl":{"start":{"line":246,"column":50},"end":{"line":246,"column":51}},"loc":{"start":{"line":246,"column":62},"end":{"line":246,"column":94}},"line":246},"22":{"name":"(anonymous_22)","decl":{"start":{"line":264,"column":27},"end":{"line":264,"column":28}},"loc":{"start":{"line":264,"column":53},"end":{"line":301,"column":1}},"line":264},"23":{"name":"(anonymous_23)","decl":{"start":{"line":277,"column":29},"end":{"line":277,"column":30}},"loc":{"start":{"line":277,"column":34},"end":{"line":277,"column":104}},"line":277},"24":{"name":"(anonymous_24)","decl":{"start":{"line":280,"column":26},"end":{"line":280,"column":27}},"loc":{"start":{"line":280,"column":31},"end":{"line":287,"column":5}},"line":280},"25":{"name":"(anonymous_25)","decl":{"start":{"line":289,"column":51},"end":{"line":289,"column":52}},"loc":{"start":{"line":289,"column":65},"end":{"line":295,"column":5}},"line":289},"26":{"name":"(anonymous_26)","decl":{"start":{"line":295,"column":13},"end":{"line":295,"column":14}},"loc":{"start":{"line":295,"column":23},"end":{"line":295,"column":44}},"line":295},"27":{"name":"(anonymous_27)","decl":{"start":{"line":303,"column":30},"end":{"line":303,"column":31}},"loc":{"start":{"line":303,"column":56},"end":{"line":347,"column":1}},"line":303},"28":{"name":"(anonymous_28)","decl":{"start":{"line":321,"column":29},"end":{"line":321,"column":30}},"loc":{"start":{"line":321,"column":34},"end":{"line":321,"column":64}},"line":321},"29":{"name":"(anonymous_29)","decl":{"start":{"line":324,"column":26},"end":{"line":324,"column":27}},"loc":{"start":{"line":324,"column":31},"end":{"line":327,"column":5}},"line":324},"30":{"name":"(anonymous_30)","decl":{"start":{"line":330,"column":26},"end":{"line":330,"column":27}},"loc":{"start":{"line":330,"column":31},"end":{"line":333,"column":5}},"line":330},"31":{"name":"(anonymous_31)","decl":{"start":{"line":336,"column":47},"end":{"line":336,"column":48}},"loc":{"start":{"line":336,"column":56},"end":{"line":341,"column":5}},"line":336}},"branchMap":{"0":{"loc":{"start":{"line":6,"column":17},"end":{"line":6,"column":47}},"type":"binary-expr","locations":[{"start":{"line":6,"column":17},"end":{"line":6,"column":41}},{"start":{"line":6,"column":45},"end":{"line":6,"column":47}}],"line":6},"1":{"loc":{"start":{"line":53,"column":27},"end":{"line":53,"column":46}},"type":"binary-expr","locations":[{"start":{"line":53,"column":27},"end":{"line":53,"column":40}},{"start":{"line":53,"column":44},"end":{"line":53,"column":46}}],"line":53},"2":{"loc":{"start":{"line":53,"column":74},"end":{"line":53,"column":98}},"type":"binary-expr","locations":[{"start":{"line":53,"column":74},"end":{"line":53,"column":93}},{"start":{"line":53,"column":97},"end":{"line":53,"column":98}}],"line":53},"3":{"loc":{"start":{"line":54,"column":30},"end":{"line":54,"column":49}},"type":"binary-expr","locations":[{"start":{"line":54,"column":30},"end":{"line":54,"column":43}},{"start":{"line":54,"column":47},"end":{"line":54,"column":49}}],"line":54},"4":{"loc":{"start":{"line":54,"column":77},"end":{"line":54,"column":101}},"type":"binary-expr","locations":[{"start":{"line":54,"column":77},"end":{"line":54,"column":96}},{"start":{"line":54,"column":100},"end":{"line":54,"column":101}}],"line":54},"5":{"loc":{"start":{"line":54,"column":106},"end":{"line":54,"column":136}},"type":"binary-expr","locations":[{"start":{"line":54,"column":106},"end":{"line":54,"column":131}},{"start":{"line":54,"column":135},"end":{"line":54,"column":136}}],"line":54},"6":{"loc":{"start":{"line":62,"column":27},"end":{"line":62,"column":96}},"type":"cond-expr","locations":[{"start":{"line":62,"column":47},"end":{"line":62,"column":92}},{"start":{"line":62,"column":95},"end":{"line":62,"column":96}}],"line":62},"7":{"loc":{"start":{"line":76,"column":30},"end":{"line":76,"column":48}},"type":"binary-expr","locations":[{"start":{"line":76,"column":30},"end":{"line":76,"column":42}},{"start":{"line":76,"column":46},"end":{"line":76,"column":48}}],"line":76},"8":{"loc":{"start":{"line":76,"column":76},"end":{"line":76,"column":100}},"type":"binary-expr","locations":[{"start":{"line":76,"column":76},"end":{"line":76,"column":95}},{"start":{"line":76,"column":99},"end":{"line":76,"column":100}}],"line":76},"9":{"loc":{"start":{"line":90,"column":30},"end":{"line":90,"column":50}},"type":"binary-expr","locations":[{"start":{"line":90,"column":30},"end":{"line":90,"column":44}},{"start":{"line":90,"column":48},"end":{"line":90,"column":50}}],"line":90},"10":{"loc":{"start":{"line":90,"column":78},"end":{"line":90,"column":102}},"type":"binary-expr","locations":[{"start":{"line":90,"column":78},"end":{"line":90,"column":97}},{"start":{"line":90,"column":101},"end":{"line":90,"column":102}}],"line":90},"11":{"loc":{"start":{"line":94,"column":20},"end":{"line":94,"column":35}},"type":"binary-expr","locations":[{"start":{"line":94,"column":20},"end":{"line":94,"column":30}},{"start":{"line":94,"column":34},"end":{"line":94,"column":35}}],"line":94},"12":{"loc":{"start":{"line":95,"column":24},"end":{"line":95,"column":43}},"type":"binary-expr","locations":[{"start":{"line":95,"column":24},"end":{"line":95,"column":38}},{"start":{"line":95,"column":42},"end":{"line":95,"column":43}}],"line":95},"13":{"loc":{"start":{"line":96,"column":21},"end":{"line":96,"column":37}},"type":"binary-expr","locations":[{"start":{"line":96,"column":21},"end":{"line":96,"column":32}},{"start":{"line":96,"column":36},"end":{"line":96,"column":37}}],"line":96},"14":{"loc":{"start":{"line":97,"column":18},"end":{"line":97,"column":31}},"type":"binary-expr","locations":[{"start":{"line":97,"column":18},"end":{"line":97,"column":26}},{"start":{"line":97,"column":30},"end":{"line":97,"column":31}}],"line":97},"15":{"loc":{"start":{"line":98,"column":19},"end":{"line":98,"column":33}},"type":"binary-expr","locations":[{"start":{"line":98,"column":19},"end":{"line":98,"column":28}},{"start":{"line":98,"column":32},"end":{"line":98,"column":33}}],"line":98},"16":{"loc":{"start":{"line":102,"column":21},"end":{"line":102,"column":79}},"type":"cond-expr","locations":[{"start":{"line":102,"column":36},"end":{"line":102,"column":75}},{"start":{"line":102,"column":78},"end":{"line":102,"column":79}}],"line":102},"17":{"loc":{"start":{"line":121,"column":26},"end":{"line":121,"column":37}},"type":"binary-expr","locations":[{"start":{"line":121,"column":26},"end":{"line":121,"column":31}},{"start":{"line":121,"column":35},"end":{"line":121,"column":37}}],"line":121},"18":{"loc":{"start":{"line":122,"column":62},"end":{"line":122,"column":86}},"type":"binary-expr","locations":[{"start":{"line":122,"column":62},"end":{"line":122,"column":81}},{"start":{"line":122,"column":85},"end":{"line":122,"column":86}}],"line":122},"19":{"loc":{"start":{"line":123,"column":65},"end":{"line":123,"column":89}},"type":"binary-expr","locations":[{"start":{"line":123,"column":65},"end":{"line":123,"column":84}},{"start":{"line":123,"column":88},"end":{"line":123,"column":89}}],"line":123},"20":{"loc":{"start":{"line":123,"column":94},"end":{"line":123,"column":124}},"type":"binary-expr","locations":[{"start":{"line":123,"column":94},"end":{"line":123,"column":119}},{"start":{"line":123,"column":123},"end":{"line":123,"column":124}}],"line":123},"21":{"loc":{"start":{"line":146,"column":18},"end":{"line":146,"column":36}},"type":"binary-expr","locations":[{"start":{"line":146,"column":18},"end":{"line":146,"column":31}},{"start":{"line":146,"column":35},"end":{"line":146,"column":36}}],"line":146},"22":{"loc":{"start":{"line":149,"column":21},"end":{"line":149,"column":32}},"type":"binary-expr","locations":[{"start":{"line":149,"column":21},"end":{"line":149,"column":26}},{"start":{"line":149,"column":30},"end":{"line":149,"column":32}}],"line":149},"23":{"loc":{"start":{"line":153,"column":20},"end":{"line":153,"column":70}},"type":"cond-expr","locations":[{"start":{"line":153,"column":32},"end":{"line":153,"column":66}},{"start":{"line":153,"column":69},"end":{"line":153,"column":70}}],"line":153},"24":{"loc":{"start":{"line":175,"column":5},"end":{"line":175,"column":18}},"type":"binary-expr","locations":[{"start":{"line":175,"column":5},"end":{"line":175,"column":12}},{"start":{"line":175,"column":16},"end":{"line":175,"column":18}}],"line":175},"25":{"loc":{"start":{"line":178,"column":5},"end":{"line":178,"column":16}},"type":"binary-expr","locations":[{"start":{"line":178,"column":5},"end":{"line":178,"column":10}},{"start":{"line":178,"column":14},"end":{"line":178,"column":16}}],"line":178},"26":{"loc":{"start":{"line":179,"column":19},"end":{"line":179,"column":67}},"type":"cond-expr","locations":[{"start":{"line":179,"column":33},"end":{"line":179,"column":55}},{"start":{"line":179,"column":58},"end":{"line":179,"column":67}}],"line":179},"27":{"loc":{"start":{"line":180,"column":22},"end":{"line":180,"column":39}},"type":"binary-expr","locations":[{"start":{"line":180,"column":22},"end":{"line":180,"column":34}},{"start":{"line":180,"column":38},"end":{"line":180,"column":39}}],"line":180},"28":{"loc":{"start":{"line":198,"column":18},"end":{"line":198,"column":36}},"type":"binary-expr","locations":[{"start":{"line":198,"column":18},"end":{"line":198,"column":31}},{"start":{"line":198,"column":35},"end":{"line":198,"column":36}}],"line":198},"29":{"loc":{"start":{"line":201,"column":21},"end":{"line":201,"column":32}},"type":"binary-expr","locations":[{"start":{"line":201,"column":21},"end":{"line":201,"column":26}},{"start":{"line":201,"column":30},"end":{"line":201,"column":32}}],"line":201},"30":{"loc":{"start":{"line":205,"column":20},"end":{"line":205,"column":70}},"type":"cond-expr","locations":[{"start":{"line":205,"column":32},"end":{"line":205,"column":66}},{"start":{"line":205,"column":69},"end":{"line":205,"column":70}}],"line":205},"31":{"loc":{"start":{"line":217,"column":19},"end":{"line":217,"column":50}},"type":"binary-expr","locations":[{"start":{"line":217,"column":19},"end":{"line":217,"column":45}},{"start":{"line":217,"column":49},"end":{"line":217,"column":50}}],"line":217},"32":{"loc":{"start":{"line":246,"column":23},"end":{"line":246,"column":41}},"type":"binary-expr","locations":[{"start":{"line":246,"column":23},"end":{"line":246,"column":35}},{"start":{"line":246,"column":39},"end":{"line":246,"column":41}}],"line":246},"33":{"loc":{"start":{"line":246,"column":69},"end":{"line":246,"column":93}},"type":"binary-expr","locations":[{"start":{"line":246,"column":69},"end":{"line":246,"column":88}},{"start":{"line":246,"column":92},"end":{"line":246,"column":93}}],"line":246},"34":{"loc":{"start":{"line":247,"column":25},"end":{"line":247,"column":75}},"type":"cond-expr","locations":[{"start":{"line":247,"column":37},"end":{"line":247,"column":71}},{"start":{"line":247,"column":74},"end":{"line":247,"column":75}}],"line":247},"35":{"loc":{"start":{"line":251,"column":15},"end":{"line":251,"column":25}},"type":"binary-expr","locations":[{"start":{"line":251,"column":15},"end":{"line":251,"column":20}},{"start":{"line":251,"column":24},"end":{"line":251,"column":25}}],"line":251},"36":{"loc":{"start":{"line":252,"column":15},"end":{"line":252,"column":25}},"type":"binary-expr","locations":[{"start":{"line":252,"column":15},"end":{"line":252,"column":20}},{"start":{"line":252,"column":24},"end":{"line":252,"column":25}}],"line":252},"37":{"loc":{"start":{"line":277,"column":5},"end":{"line":277,"column":19}},"type":"binary-expr","locations":[{"start":{"line":277,"column":5},"end":{"line":277,"column":13}},{"start":{"line":277,"column":17},"end":{"line":277,"column":19}}],"line":277},"38":{"loc":{"start":{"line":277,"column":61},"end":{"line":277,"column":83}},"type":"binary-expr","locations":[{"start":{"line":277,"column":61},"end":{"line":277,"column":72}},{"start":{"line":277,"column":76},"end":{"line":277,"column":83}}],"line":277},"39":{"loc":{"start":{"line":280,"column":5},"end":{"line":280,"column":16}},"type":"binary-expr","locations":[{"start":{"line":280,"column":5},"end":{"line":280,"column":10}},{"start":{"line":280,"column":14},"end":{"line":280,"column":16}}],"line":280},"40":{"loc":{"start":{"line":281,"column":20},"end":{"line":281,"column":74}},"type":"binary-expr","locations":[{"start":{"line":281,"column":20},"end":{"line":281,"column":40}},{"start":{"line":281,"column":44},"end":{"line":281,"column":74}}],"line":281},"41":{"loc":{"start":{"line":282,"column":6},"end":{"line":284,"column":7}},"type":"if","locations":[{"start":{"line":282,"column":6},"end":{"line":284,"column":7}},{"start":{},"end":{}}],"line":282},"42":{"loc":{"start":{"line":286,"column":41},"end":{"line":286,"column":65}},"type":"binary-expr","locations":[{"start":{"line":286,"column":41},"end":{"line":286,"column":60}},{"start":{"line":286,"column":64},"end":{"line":286,"column":65}}],"line":286},"43":{"loc":{"start":{"line":294,"column":15},"end":{"line":294,"column":64}},"type":"cond-expr","locations":[{"start":{"line":294,"column":29},"end":{"line":294,"column":60}},{"start":{"line":294,"column":63},"end":{"line":294,"column":64}}],"line":294},"44":{"loc":{"start":{"line":321,"column":5},"end":{"line":321,"column":19}},"type":"binary-expr","locations":[{"start":{"line":321,"column":5},"end":{"line":321,"column":13}},{"start":{"line":321,"column":17},"end":{"line":321,"column":19}}],"line":321},"45":{"loc":{"start":{"line":324,"column":5},"end":{"line":324,"column":16}},"type":"binary-expr","locations":[{"start":{"line":324,"column":5},"end":{"line":324,"column":10}},{"start":{"line":324,"column":14},"end":{"line":324,"column":16}}],"line":324},"46":{"loc":{"start":{"line":325,"column":19},"end":{"line":325,"column":70}},"type":"cond-expr","locations":[{"start":{"line":325,"column":34},"end":{"line":325,"column":58}},{"start":{"line":325,"column":61},"end":{"line":325,"column":70}}],"line":325},"47":{"loc":{"start":{"line":326,"column":26},"end":{"line":326,"column":47}},"type":"binary-expr","locations":[{"start":{"line":326,"column":26},"end":{"line":326,"column":42}},{"start":{"line":326,"column":46},"end":{"line":326,"column":47}}],"line":326},"48":{"loc":{"start":{"line":330,"column":5},"end":{"line":330,"column":16}},"type":"binary-expr","locations":[{"start":{"line":330,"column":5},"end":{"line":330,"column":10}},{"start":{"line":330,"column":14},"end":{"line":330,"column":16}}],"line":330},"49":{"loc":{"start":{"line":331,"column":19},"end":{"line":331,"column":70}},"type":"cond-expr","locations":[{"start":{"line":331,"column":34},"end":{"line":331,"column":58}},{"start":{"line":331,"column":61},"end":{"line":331,"column":70}}],"line":331},"50":{"loc":{"start":{"line":332,"column":26},"end":{"line":332,"column":47}},"type":"binary-expr","locations":[{"start":{"line":332,"column":26},"end":{"line":332,"column":42}},{"start":{"line":332,"column":46},"end":{"line":332,"column":47}}],"line":332},"51":{"loc":{"start":{"line":338,"column":13},"end":{"line":338,"column":34}},"type":"binary-expr","locations":[{"start":{"line":338,"column":13},"end":{"line":338,"column":29}},{"start":{"line":338,"column":33},"end":{"line":338,"column":34}}],"line":338},"52":{"loc":{"start":{"line":339,"column":13},"end":{"line":339,"column":34}},"type":"binary-expr","locations":[{"start":{"line":339,"column":13},"end":{"line":339,"column":29}},{"start":{"line":339,"column":33},"end":{"line":339,"column":34}}],"line":339}},"s":{"0":1,"1":1,"2":1,"3":2,"4":2,"5":2,"6":2,"7":2,"8":2,"9":2,"10":2,"11":2,"12":2,"13":2,"14":2,"15":2,"16":2,"17":2,"18":2,"19":2,"20":2,"21":2,"22":2,"23":2,"24":2,"25":2,"26":2,"27":2,"28":2,"29":2,"30":2,"31":0,"32":1,"33":2,"34":2,"35":2,"36":2,"37":12,"38":18,"39":12,"40":3,"41":12,"42":3,"43":12,"44":2,"45":0,"46":1,"47":2,"48":2,"49":2,"50":2,"51":2,"52":10,"53":15,"54":10,"55":2,"56":0,"57":1,"58":2,"59":2,"60":2,"61":2,"62":2,"63":0,"64":2,"65":2,"66":3,"67":3,"68":2,"69":1,"70":2,"71":0,"72":1,"73":2,"74":2,"75":2,"76":2,"77":2,"78":8,"79":8,"80":8,"81":2,"82":0,"83":1,"84":2,"85":2,"86":2,"87":2,"88":2,"89":12,"90":12,"91":12,"92":12,"93":12,"94":12,"95":12,"96":12,"97":6,"98":12,"99":12,"100":2,"101":0,"102":1,"103":2,"104":2,"105":2,"106":2,"107":2,"108":1,"109":2,"110":2,"111":1,"112":1,"113":1,"114":1,"115":1,"116":2,"117":1,"118":0,"119":2,"120":0,"121":1,"122":2,"123":2,"124":2,"125":2,"126":2,"127":2,"128":1,"129":2,"130":2,"131":0,"132":0,"133":2,"134":2,"135":1,"136":1,"137":2,"138":2,"139":1,"140":2,"141":0,"142":1},"f":{"0":2,"1":2,"2":2,"3":2,"4":2,"5":2,"6":12,"7":18,"8":3,"9":3,"10":2,"11":10,"12":15,"13":2,"14":0,"15":3,"16":1,"17":2,"18":8,"19":8,"20":2,"21":6,"22":2,"23":1,"24":1,"25":1,"26":0,"27":2,"28":1,"29":0,"30":1,"31":1},"b":{"0":[2,2],"1":[2,0],"2":[2,0],"3":[2,0],"4":[2,0],"5":[2,1],"6":[1,1],"7":[2,0],"8":[2,0],"9":[2,0],"10":[2,0],"11":[2,1],"12":[2,1],"13":[2,1],"14":[2,1],"15":[2,1],"16":[1,1],"17":[12,6],"18":[3,0],"19":[3,0],"20":[3,3],"21":[2,1],"22":[10,5],"23":[5,5],"24":[2,0],"25":[2,1],"26":[0,3],"27":[3,1],"28":[2,1],"29":[8,4],"30":[4,4],"31":[2,2],"32":[12,6],"33":[6,0],"34":[6,6],"35":[12,6],"36":[12,6],"37":[2,1],"38":[1,0],"39":[2,0],"40":[1,1],"41":[1,0],"42":[1,0],"43":[1,0],"44":[2,1],"45":[2,0],"46":[0,0],"47":[0,0],"48":[2,0],"49":[1,0],"50":[1,1],"51":[1,1],"52":[1,0]},"_coverageSchema":"1a1c01bbd47fc00a2c39e90264f33305004495a9","hash":"b7a3f4a400fa8cbd617d654ca7982ed56f8cd218"}
,"/Users/umairkhan/Desktop/veyrivo-CRM/server/controllers/authController.js": {"path":"/Users/umairkhan/Desktop/veyrivo-CRM/server/controllers/authController.js","statementMap":{"0":{"start":{"line":1,"column":36},"end":{"line":1,"column":65}},"1":{"start":{"line":2,"column":59},"end":{"line":2,"column":88}},"2":{"start":{"line":3,"column":21},"end":{"line":3,"column":58}},"3":{"start":{"line":4,"column":36},"end":{"line":4,"column":71}},"4":{"start":{"line":7,"column":17},"end":{"line":111,"column":1}},"5":{"start":{"line":8,"column":2},"end":{"line":110,"column":3}},"6":{"start":{"line":9,"column":38},"end":{"line":9,"column":46}},"7":{"start":{"line":13,"column":6},"end":{"line":21,"column":8}},"8":{"start":{"line":23,"column":4},"end":{"line":35,"column":5}},"9":{"start":{"line":24,"column":6},"end":{"line":32,"column":7}},"10":{"start":{"line":28,"column":8},"end":{"line":31,"column":10}},"11":{"start":{"line":34,"column":6},"end":{"line":34,"column":49}},"12":{"start":{"line":37,"column":4},"end":{"line":39,"column":5}},"13":{"start":{"line":38,"column":6},"end":{"line":38,"column":59}},"14":{"start":{"line":44,"column":6},"end":{"line":54,"column":17}},"15":{"start":{"line":56,"column":4},"end":{"line":65,"column":5}},"16":{"start":{"line":57,"column":6},"end":{"line":57,"column":61}},"17":{"start":{"line":61,"column":6},"end":{"line":64,"column":8}},"18":{"start":{"line":68,"column":4},"end":{"line":80,"column":5}},"19":{"start":{"line":69,"column":6},"end":{"line":79,"column":9}},"20":{"start":{"line":84,"column":42},"end":{"line":88,"column":6}},"21":{"start":{"line":91,"column":4},"end":{"line":96,"column":7}},"22":{"start":{"line":98,"column":4},"end":{"line":107,"column":7}},"23":{"start":{"line":109,"column":4},"end":{"line":109,"column":16}},"24":{"start":{"line":114,"column":14},"end":{"line":196,"column":1}},"25":{"start":{"line":115,"column":2},"end":{"line":195,"column":3}},"26":{"start":{"line":116,"column":32},"end":{"line":116,"column":40}},"27":{"start":{"line":120,"column":6},"end":{"line":123,"column":8}},"28":{"start":{"line":125,"column":4},"end":{"line":127,"column":5}},"29":{"start":{"line":126,"column":6},"end":{"line":126,"column":59}},"30":{"start":{"line":130,"column":4},"end":{"line":137,"column":5}},"31":{"start":{"line":131,"column":6},"end":{"line":136,"column":9}},"32":{"start":{"line":141,"column":6},"end":{"line":145,"column":17}},"33":{"start":{"line":148,"column":4},"end":{"line":155,"column":5}},"34":{"start":{"line":149,"column":6},"end":{"line":149,"column":59}},"35":{"start":{"line":151,"column":6},"end":{"line":154,"column":8}},"36":{"start":{"line":158,"column":4},"end":{"line":163,"column":5}},"37":{"start":{"line":159,"column":6},"end":{"line":162,"column":8}},"38":{"start":{"line":166,"column":42},"end":{"line":170,"column":6}},"39":{"start":{"line":173,"column":4},"end":{"line":178,"column":7}},"40":{"start":{"line":181,"column":4},"end":{"line":192,"column":7}},"41":{"start":{"line":194,"column":4},"end":{"line":194,"column":16}},"42":{"start":{"line":199,"column":15},"end":{"line":215,"column":1}},"43":{"start":{"line":200,"column":2},"end":{"line":214,"column":3}},"44":{"start":{"line":202,"column":4},"end":{"line":202,"column":34}},"45":{"start":{"line":205,"column":4},"end":{"line":209,"column":7}},"46":{"start":{"line":211,"column":4},"end":{"line":211,"column":53}},"47":{"start":{"line":213,"column":4},"end":{"line":213,"column":16}},"48":{"start":{"line":217,"column":11},"end":{"line":237,"column":1}},"49":{"start":{"line":218,"column":2},"end":{"line":236,"column":3}},"50":{"start":{"line":219,"column":30},"end":{"line":223,"column":15}},"51":{"start":{"line":225,"column":4},"end":{"line":233,"column":7}},"52":{"start":{"line":235,"column":4},"end":{"line":235,"column":16}},"53":{"start":{"line":239,"column":16},"end":{"line":282,"column":1}},"54":{"start":{"line":240,"column":2},"end":{"line":281,"column":3}},"55":{"start":{"line":241,"column":25},"end":{"line":241,"column":50}},"56":{"start":{"line":243,"column":4},"end":{"line":245,"column":5}},"57":{"start":{"line":244,"column":6},"end":{"line":244,"column":60}},"58":{"start":{"line":247,"column":20},"end":{"line":247,"column":52}},"59":{"start":{"line":249,"column":4},"end":{"line":251,"column":5}},"60":{"start":{"line":250,"column":6},"end":{"line":250,"column":55}},"61":{"start":{"line":254,"column":30},"end":{"line":258,"column":15}},"62":{"start":{"line":260,"column":4},"end":{"line":262,"column":5}},"63":{"start":{"line":261,"column":6},"end":{"line":261,"column":48}},"64":{"start":{"line":264,"column":59},"end":{"line":268,"column":6}},"65":{"start":{"line":271,"column":4},"end":{"line":276,"column":7}},"66":{"start":{"line":278,"column":4},"end":{"line":278,"column":30}},"67":{"start":{"line":280,"column":4},"end":{"line":280,"column":16}},"68":{"start":{"line":284,"column":22},"end":{"line":305,"column":1}},"69":{"start":{"line":285,"column":2},"end":{"line":304,"column":3}},"70":{"start":{"line":286,"column":33},"end":{"line":286,"column":41}},"71":{"start":{"line":288,"column":37},"end":{"line":297,"column":20}},"72":{"start":{"line":299,"column":4},"end":{"line":299,"column":54}},"73":{"start":{"line":299,"column":15},"end":{"line":299,"column":54}},"74":{"start":{"line":301,"column":4},"end":{"line":301,"column":32}},"75":{"start":{"line":303,"column":4},"end":{"line":303,"column":16}},"76":{"start":{"line":307,"column":0},"end":{"line":314,"column":2}}},"fnMap":{"0":{"name":"(anonymous_0)","decl":{"start":{"line":7,"column":17},"end":{"line":7,"column":18}},"loc":{"start":{"line":7,"column":43},"end":{"line":111,"column":1}},"line":7},"1":{"name":"(anonymous_1)","decl":{"start":{"line":114,"column":14},"end":{"line":114,"column":15}},"loc":{"start":{"line":114,"column":40},"end":{"line":196,"column":1}},"line":114},"2":{"name":"(anonymous_2)","decl":{"start":{"line":199,"column":15},"end":{"line":199,"column":16}},"loc":{"start":{"line":199,"column":41},"end":{"line":215,"column":1}},"line":199},"3":{"name":"(anonymous_3)","decl":{"start":{"line":217,"column":11},"end":{"line":217,"column":12}},"loc":{"start":{"line":217,"column":37},"end":{"line":237,"column":1}},"line":217},"4":{"name":"(anonymous_4)","decl":{"start":{"line":239,"column":16},"end":{"line":239,"column":17}},"loc":{"start":{"line":239,"column":42},"end":{"line":282,"column":1}},"line":239},"5":{"name":"(anonymous_5)","decl":{"start":{"line":284,"column":22},"end":{"line":284,"column":23}},"loc":{"start":{"line":284,"column":48},"end":{"line":305,"column":1}},"line":284}},"branchMap":{"0":{"loc":{"start":{"line":23,"column":4},"end":{"line":35,"column":5}},"type":"if","locations":[{"start":{"line":23,"column":4},"end":{"line":35,"column":5}},{"start":{},"end":{}}],"line":23},"1":{"loc":{"start":{"line":24,"column":6},"end":{"line":32,"column":7}},"type":"if","locations":[{"start":{"line":24,"column":6},"end":{"line":32,"column":7}},{"start":{},"end":{}}],"line":24},"2":{"loc":{"start":{"line":25,"column":8},"end":{"line":26,"column":52}},"type":"binary-expr","locations":[{"start":{"line":25,"column":8},"end":{"line":25,"column":56}},{"start":{"line":26,"column":8},"end":{"line":26,"column":52}}],"line":25},"3":{"loc":{"start":{"line":37,"column":4},"end":{"line":39,"column":5}},"type":"if","locations":[{"start":{"line":37,"column":4},"end":{"line":39,"column":5}},{"start":{},"end":{}}],"line":37},"4":{"loc":{"start":{"line":56,"column":4},"end":{"line":65,"column":5}},"type":"if","locations":[{"start":{"line":56,"column":4},"end":{"line":65,"column":5}},{"start":{},"end":{}}],"line":56},"5":{"loc":{"start":{"line":68,"column":4},"end":{"line":80,"column":5}},"type":"if","locations":[{"start":{"line":68,"column":4},"end":{"line":80,"column":5}},{"start":{},"end":{}}],"line":68},"6":{"loc":{"start":{"line":125,"column":4},"end":{"line":127,"column":5}},"type":"if","locations":[{"start":{"line":125,"column":4},"end":{"line":127,"column":5}},{"start":{},"end":{}}],"line":125},"7":{"loc":{"start":{"line":130,"column":4},"end":{"line":137,"column":5}},"type":"if","locations":[{"start":{"line":130,"column":4},"end":{"line":137,"column":5}},{"start":{},"end":{}}],"line":130},"8":{"loc":{"start":{"line":148,"column":4},"end":{"line":155,"column":5}},"type":"if","locations":[{"start":{"line":148,"column":4},"end":{"line":155,"column":5}},{"start":{},"end":{}}],"line":148},"9":{"loc":{"start":{"line":148,"column":8},"end":{"line":148,"column":32}},"type":"binary-expr","locations":[{"start":{"line":148,"column":8},"end":{"line":148,"column":20}},{"start":{"line":148,"column":24},"end":{"line":148,"column":32}}],"line":148},"10":{"loc":{"start":{"line":158,"column":4},"end":{"line":163,"column":5}},"type":"if","locations":[{"start":{"line":158,"column":4},"end":{"line":163,"column":5}},{"start":{},"end":{}}],"line":158},"11":{"loc":{"start":{"line":187,"column":10},"end":{"line":188,"column":44}},"type":"binary-expr","locations":[{"start":{"line":187,"column":10},"end":{"line":187,"column":27}},{"start":{"line":188,"column":10},"end":{"line":188,"column":44}}],"line":187},"12":{"loc":{"start":{"line":230,"column":14},"end":{"line":230,"column":37}},"type":"binary-expr","locations":[{"start":{"line":230,"column":14},"end":{"line":230,"column":27}},{"start":{"line":230,"column":31},"end":{"line":230,"column":37}}],"line":230},"13":{"loc":{"start":{"line":243,"column":4},"end":{"line":245,"column":5}},"type":"if","locations":[{"start":{"line":243,"column":4},"end":{"line":245,"column":5}},{"start":{},"end":{}}],"line":243},"14":{"loc":{"start":{"line":249,"column":4},"end":{"line":251,"column":5}},"type":"if","locations":[{"start":{"line":249,"column":4},"end":{"line":251,"column":5}},{"start":{},"end":{}}],"line":249},"15":{"loc":{"start":{"line":249,"column":8},"end":{"line":249,"column":46}},"type":"binary-expr","locations":[{"start":{"line":249,"column":8},"end":{"line":249,"column":16}},{"start":{"line":249,"column":20},"end":{"line":249,"column":46}}],"line":249},"16":{"loc":{"start":{"line":260,"column":4},"end":{"line":262,"column":5}},"type":"if","locations":[{"start":{"line":260,"column":4},"end":{"line":262,"column":5}},{"start":{},"end":{}}],"line":260},"17":{"loc":{"start":{"line":299,"column":4},"end":{"line":299,"column":54}},"type":"if","locations":[{"start":{"line":299,"column":4},"end":{"line":299,"column":54}},{"start":{},"end":{}}],"line":299}},"s":{"0":1,"1":1,"2":1,"3":1,"4":1,"5":4,"6":4,"7":4,"8":4,"9":1,"10":1,"11":0,"12":3,"13":0,"14":3,"15":3,"16":1,"17":1,"18":2,"19":1,"20":1,"21":1,"22":1,"23":2,"24":1,"25":5,"26":5,"27":5,"28":5,"29":1,"30":4,"31":1,"32":3,"33":3,"34":1,"35":1,"36":2,"37":1,"38":1,"39":1,"40":1,"41":3,"42":1,"43":1,"44":1,"45":1,"46":1,"47":0,"48":1,"49":1,"50":1,"51":1,"52":0,"53":1,"54":0,"55":0,"56":0,"57":0,"58":0,"59":0,"60":0,"61":0,"62":0,"63":0,"64":0,"65":0,"66":0,"67":0,"68":1,"69":0,"70":0,"71":0,"72":0,"73":0,"74":0,"75":0,"76":1},"f":{"0":4,"1":5,"2":1,"3":1,"4":0,"5":0},"b":{"0":[1,3],"1":[1,0],"2":[1,0],"3":[0,3],"4":[1,2],"5":[1,1],"6":[1,4],"7":[1,3],"8":[1,2],"9":[3,2],"10":[1,1],"11":[1,0],"12":[1,0],"13":[0,0],"14":[0,0],"15":[0,0],"16":[0,0],"17":[0,0]},"_coverageSchema":"1a1c01bbd47fc00a2c39e90264f33305004495a9","hash":"98438c1325770fbc0a948c5ae41ff4d86cf4d4a3"}
,"/Users/umairkhan/Desktop/veyrivo-CRM/server/controllers/companiesController.js": {"path":"/Users/umairkhan/Desktop/veyrivo-CRM/server/controllers/companiesController.js","statementMap":{"0":{"start":{"line":1,"column":21},"end":{"line":1,"column":50}},"1":{"start":{"line":2,"column":21},"end":{"line":2,"column":58}},"2":{"start":{"line":4,"column":19},"end":{"line":32,"column":1}},"3":{"start":{"line":5,"column":14},"end":{"line":10,"column":24}},"4":{"start":{"line":12,"column":2},"end":{"line":12,"column":69}},"5":{"start":{"line":12,"column":24},"end":{"line":12,"column":69}},"6":{"start":{"line":13,"column":2},"end":{"line":13,"column":87}},"7":{"start":{"line":13,"column":30},"end":{"line":13,"column":87}},"8":{"start":{"line":14,"column":2},"end":{"line":14,"column":84}},"9":{"start":{"line":14,"column":29},"end":{"line":14,"column":84}},"10":{"start":{"line":15,"column":2},"end":{"line":15,"column":75}},"11":{"start":{"line":15,"column":26},"end":{"line":15,"column":75}},"12":{"start":{"line":16,"column":2},"end":{"line":18,"column":3}},"13":{"start":{"line":17,"column":4},"end":{"line":17,"column":126}},"14":{"start":{"line":19,"column":2},"end":{"line":19,"column":39}},"15":{"start":{"line":21,"column":17},"end":{"line":21,"column":49}},"16":{"start":{"line":22,"column":20},"end":{"line":22,"column":66}},"17":{"start":{"line":23,"column":2},"end":{"line":23,"column":66}},"18":{"start":{"line":25,"column":15},"end":{"line":25,"column":44}},"19":{"start":{"line":26,"column":16},"end":{"line":26,"column":62}},"20":{"start":{"line":27,"column":15},"end":{"line":27,"column":33}},"21":{"start":{"line":28,"column":13},"end":{"line":28,"column":29}},"22":{"start":{"line":29,"column":2},"end":{"line":29,"column":32}},"23":{"start":{"line":31,"column":2},"end":{"line":31,"column":32}},"24":{"start":{"line":34,"column":21},"end":{"line":48,"column":1}},"25":{"start":{"line":35,"column":2},"end":{"line":47,"column":3}},"26":{"start":{"line":36,"column":35},"end":{"line":36,"column":50}},"27":{"start":{"line":37,"column":35},"end":{"line":37,"column":46}},"28":{"start":{"line":39,"column":4},"end":{"line":39,"column":54}},"29":{"start":{"line":39,"column":15},"end":{"line":39,"column":54}},"30":{"start":{"line":41,"column":4},"end":{"line":44,"column":7}},"31":{"start":{"line":46,"column":4},"end":{"line":46,"column":16}},"32":{"start":{"line":50,"column":19},"end":{"line":75,"column":1}},"33":{"start":{"line":51,"column":2},"end":{"line":74,"column":3}},"34":{"start":{"line":52,"column":28},"end":{"line":64,"column":15}},"35":{"start":{"line":66,"column":4},"end":{"line":69,"column":5}},"36":{"start":{"line":67,"column":6},"end":{"line":67,"column":82}},"37":{"start":{"line":67,"column":37},"end":{"line":67,"column":82}},"38":{"start":{"line":68,"column":6},"end":{"line":68,"column":45}},"39":{"start":{"line":71,"column":4},"end":{"line":71,"column":23}},"40":{"start":{"line":73,"column":4},"end":{"line":73,"column":16}},"41":{"start":{"line":77,"column":22},"end":{"line":102,"column":1}},"42":{"start":{"line":78,"column":2},"end":{"line":101,"column":3}},"43":{"start":{"line":79,"column":24},"end":{"line":83,"column":5}},"44":{"start":{"line":85,"column":28},"end":{"line":94,"column":15}},"45":{"start":{"line":96,"column":4},"end":{"line":96,"column":54}},"46":{"start":{"line":96,"column":15},"end":{"line":96,"column":54}},"47":{"start":{"line":98,"column":4},"end":{"line":98,"column":76}},"48":{"start":{"line":100,"column":4},"end":{"line":100,"column":16}},"49":{"start":{"line":104,"column":22},"end":{"line":128,"column":1}},"50":{"start":{"line":105,"column":2},"end":{"line":127,"column":3}},"51":{"start":{"line":106,"column":28},"end":{"line":117,"column":15}},"52":{"start":{"line":119,"column":4},"end":{"line":122,"column":5}},"53":{"start":{"line":120,"column":6},"end":{"line":120,"column":82}},"54":{"start":{"line":120,"column":37},"end":{"line":120,"column":82}},"55":{"start":{"line":121,"column":6},"end":{"line":121,"column":45}},"56":{"start":{"line":124,"column":4},"end":{"line":124,"column":64}},"57":{"start":{"line":126,"column":4},"end":{"line":126,"column":16}},"58":{"start":{"line":130,"column":22},"end":{"line":144,"column":1}},"59":{"start":{"line":131,"column":2},"end":{"line":143,"column":3}},"60":{"start":{"line":132,"column":22},"end":{"line":136,"column":29}},"61":{"start":{"line":138,"column":4},"end":{"line":138,"column":54}},"62":{"start":{"line":138,"column":15},"end":{"line":138,"column":54}},"63":{"start":{"line":140,"column":4},"end":{"line":140,"column":58}},"64":{"start":{"line":142,"column":4},"end":{"line":142,"column":16}},"65":{"start":{"line":146,"column":0},"end":{"line":152,"column":2}}},"fnMap":{"0":{"name":"(anonymous_0)","decl":{"start":{"line":4,"column":19},"end":{"line":4,"column":20}},"loc":{"start":{"line":4,"column":28},"end":{"line":32,"column":1}},"line":4},"1":{"name":"(anonymous_1)","decl":{"start":{"line":34,"column":21},"end":{"line":34,"column":22}},"loc":{"start":{"line":34,"column":47},"end":{"line":48,"column":1}},"line":34},"2":{"name":"(anonymous_2)","decl":{"start":{"line":50,"column":19},"end":{"line":50,"column":20}},"loc":{"start":{"line":50,"column":45},"end":{"line":75,"column":1}},"line":50},"3":{"name":"(anonymous_3)","decl":{"start":{"line":77,"column":22},"end":{"line":77,"column":23}},"loc":{"start":{"line":77,"column":48},"end":{"line":102,"column":1}},"line":77},"4":{"name":"(anonymous_4)","decl":{"start":{"line":104,"column":22},"end":{"line":104,"column":23}},"loc":{"start":{"line":104,"column":48},"end":{"line":128,"column":1}},"line":104},"5":{"name":"(anonymous_5)","decl":{"start":{"line":130,"column":22},"end":{"line":130,"column":23}},"loc":{"start":{"line":130,"column":48},"end":{"line":144,"column":1}},"line":130}},"branchMap":{"0":{"loc":{"start":{"line":12,"column":2},"end":{"line":12,"column":69}},"type":"if","locations":[{"start":{"line":12,"column":2},"end":{"line":12,"column":69}},{"start":{},"end":{}}],"line":12},"1":{"loc":{"start":{"line":13,"column":2},"end":{"line":13,"column":87}},"type":"if","locations":[{"start":{"line":13,"column":2},"end":{"line":13,"column":87}},{"start":{},"end":{}}],"line":13},"2":{"loc":{"start":{"line":14,"column":2},"end":{"line":14,"column":84}},"type":"if","locations":[{"start":{"line":14,"column":2},"end":{"line":14,"column":84}},{"start":{},"end":{}}],"line":14},"3":{"loc":{"start":{"line":15,"column":2},"end":{"line":15,"column":75}},"type":"if","locations":[{"start":{"line":15,"column":2},"end":{"line":15,"column":75}},{"start":{},"end":{}}],"line":15},"4":{"loc":{"start":{"line":16,"column":2},"end":{"line":18,"column":3}},"type":"if","locations":[{"start":{"line":16,"column":2},"end":{"line":18,"column":3}},{"start":{},"end":{}}],"line":16},"5":{"loc":{"start":{"line":21,"column":17},"end":{"line":21,"column":49}},"type":"binary-expr","locations":[{"start":{"line":21,"column":17},"end":{"line":21,"column":33}},{"start":{"line":21,"column":37},"end":{"line":21,"column":49}}],"line":21},"6":{"loc":{"start":{"line":22,"column":20},"end":{"line":22,"column":66}},"type":"cond-expr","locations":[{"start":{"line":22,"column":52},"end":{"line":22,"column":57}},{"start":{"line":22,"column":60},"end":{"line":22,"column":66}}],"line":22},"7":{"loc":{"start":{"line":25,"column":15},"end":{"line":25,"column":44}},"type":"binary-expr","locations":[{"start":{"line":25,"column":15},"end":{"line":25,"column":39}},{"start":{"line":25,"column":43},"end":{"line":25,"column":44}}],"line":25},"8":{"loc":{"start":{"line":26,"column":25},"end":{"line":26,"column":56}},"type":"binary-expr","locations":[{"start":{"line":26,"column":25},"end":{"line":26,"column":50}},{"start":{"line":26,"column":54},"end":{"line":26,"column":56}}],"line":26},"9":{"loc":{"start":{"line":39,"column":4},"end":{"line":39,"column":54}},"type":"if","locations":[{"start":{"line":39,"column":4},"end":{"line":39,"column":54}},{"start":{},"end":{}}],"line":39},"10":{"loc":{"start":{"line":43,"column":40},"end":{"line":43,"column":50}},"type":"binary-expr","locations":[{"start":{"line":43,"column":40},"end":{"line":43,"column":45}},{"start":{"line":43,"column":49},"end":{"line":43,"column":50}}],"line":43},"11":{"loc":{"start":{"line":43,"column":75},"end":{"line":43,"column":85}},"type":"binary-expr","locations":[{"start":{"line":43,"column":75},"end":{"line":43,"column":80}},{"start":{"line":43,"column":84},"end":{"line":43,"column":85}}],"line":43},"12":{"loc":{"start":{"line":66,"column":4},"end":{"line":69,"column":5}},"type":"if","locations":[{"start":{"line":66,"column":4},"end":{"line":69,"column":5}},{"start":{},"end":{}}],"line":66},"13":{"loc":{"start":{"line":67,"column":6},"end":{"line":67,"column":82}},"type":"if","locations":[{"start":{"line":67,"column":6},"end":{"line":67,"column":82}},{"start":{},"end":{}}],"line":67},"14":{"loc":{"start":{"line":82,"column":16},"end":{"line":82,"column":48}},"type":"binary-expr","locations":[{"start":{"line":82,"column":16},"end":{"line":82,"column":33}},{"start":{"line":82,"column":37},"end":{"line":82,"column":48}}],"line":82},"15":{"loc":{"start":{"line":96,"column":4},"end":{"line":96,"column":54}},"type":"if","locations":[{"start":{"line":96,"column":4},"end":{"line":96,"column":54}},{"start":{},"end":{}}],"line":96},"16":{"loc":{"start":{"line":119,"column":4},"end":{"line":122,"column":5}},"type":"if","locations":[{"start":{"line":119,"column":4},"end":{"line":122,"column":5}},{"start":{},"end":{}}],"line":119},"17":{"loc":{"start":{"line":120,"column":6},"end":{"line":120,"column":82}},"type":"if","locations":[{"start":{"line":120,"column":6},"end":{"line":120,"column":82}},{"start":{},"end":{}}],"line":120},"18":{"loc":{"start":{"line":138,"column":4},"end":{"line":138,"column":54}},"type":"if","locations":[{"start":{"line":138,"column":4},"end":{"line":138,"column":54}},{"start":{},"end":{}}],"line":138}},"s":{"0":1,"1":1,"2":1,"3":5,"4":5,"5":1,"6":5,"7":1,"8":5,"9":0,"10":5,"11":0,"12":5,"13":1,"14":5,"15":5,"16":5,"17":5,"18":5,"19":5,"20":5,"21":5,"22":5,"23":5,"24":1,"25":5,"26":5,"27":5,"28":5,"29":1,"30":4,"31":1,"32":1,"33":3,"34":3,"35":3,"36":2,"37":1,"38":1,"39":1,"40":2,"41":1,"42":4,"43":4,"44":4,"45":4,"46":1,"47":3,"48":1,"49":1,"50":3,"51":3,"52":3,"53":2,"54":1,"55":1,"56":1,"57":2,"58":1,"59":2,"60":2,"61":2,"62":1,"63":1,"64":1,"65":1},"f":{"0":5,"1":5,"2":3,"3":4,"4":3,"5":2},"b":{"0":[1,4],"1":[1,4],"2":[0,5],"3":[0,5],"4":[1,4],"5":[5,4],"6":[1,4],"7":[5,3],"8":[5,3],"9":[1,4],"10":[4,3],"11":[4,3],"12":[2,1],"13":[1,1],"14":[4,3],"15":[1,3],"16":[2,1],"17":[1,1],"18":[1,1]},"_coverageSchema":"1a1c01bbd47fc00a2c39e90264f33305004495a9","hash":"440de50012b8e36f2421ac95b285303521567c3a"}
,"/Users/umairkhan/Desktop/veyrivo-CRM/server/controllers/contactsController.js": {"path":"/Users/umairkhan/Desktop/veyrivo-CRM/server/controllers/contactsController.js","statementMap":{"0":{"start":{"line":1,"column":21},"end":{"line":1,"column":50}},"1":{"start":{"line":2,"column":21},"end":{"line":2,"column":58}},"2":{"start":{"line":4,"column":19},"end":{"line":33,"column":1}},"3":{"start":{"line":5,"column":14},"end":{"line":10,"column":24}},"4":{"start":{"line":12,"column":2},"end":{"line":12,"column":69}},"5":{"start":{"line":12,"column":24},"end":{"line":12,"column":69}},"6":{"start":{"line":13,"column":2},"end":{"line":13,"column":81}},"7":{"start":{"line":13,"column":28},"end":{"line":13,"column":81}},"8":{"start":{"line":14,"column":2},"end":{"line":14,"column":127}},"9":{"start":{"line":14,"column":49},"end":{"line":14,"column":127}},"10":{"start":{"line":15,"column":2},"end":{"line":15,"column":93}},"11":{"start":{"line":15,"column":32},"end":{"line":15,"column":93}},"12":{"start":{"line":16,"column":2},"end":{"line":16,"column":75}},"13":{"start":{"line":16,"column":26},"end":{"line":16,"column":75}},"14":{"start":{"line":17,"column":2},"end":{"line":19,"column":3}},"15":{"start":{"line":18,"column":4},"end":{"line":18,"column":135}},"16":{"start":{"line":20,"column":2},"end":{"line":20,"column":39}},"17":{"start":{"line":22,"column":17},"end":{"line":22,"column":49}},"18":{"start":{"line":23,"column":20},"end":{"line":23,"column":66}},"19":{"start":{"line":24,"column":2},"end":{"line":24,"column":66}},"20":{"start":{"line":26,"column":15},"end":{"line":26,"column":44}},"21":{"start":{"line":27,"column":16},"end":{"line":27,"column":62}},"22":{"start":{"line":28,"column":15},"end":{"line":28,"column":33}},"23":{"start":{"line":29,"column":13},"end":{"line":29,"column":29}},"24":{"start":{"line":30,"column":2},"end":{"line":30,"column":32}},"25":{"start":{"line":32,"column":2},"end":{"line":32,"column":32}},"26":{"start":{"line":35,"column":20},"end":{"line":49,"column":1}},"27":{"start":{"line":36,"column":2},"end":{"line":48,"column":3}},"28":{"start":{"line":37,"column":35},"end":{"line":37,"column":50}},"29":{"start":{"line":38,"column":35},"end":{"line":38,"column":46}},"30":{"start":{"line":40,"column":4},"end":{"line":40,"column":54}},"31":{"start":{"line":40,"column":15},"end":{"line":40,"column":54}},"32":{"start":{"line":42,"column":4},"end":{"line":45,"column":7}},"33":{"start":{"line":47,"column":4},"end":{"line":47,"column":16}},"34":{"start":{"line":51,"column":19},"end":{"line":75,"column":1}},"35":{"start":{"line":52,"column":2},"end":{"line":74,"column":3}},"36":{"start":{"line":53,"column":28},"end":{"line":64,"column":15}},"37":{"start":{"line":66,"column":4},"end":{"line":69,"column":5}},"38":{"start":{"line":67,"column":6},"end":{"line":67,"column":82}},"39":{"start":{"line":67,"column":37},"end":{"line":67,"column":82}},"40":{"start":{"line":68,"column":6},"end":{"line":68,"column":45}},"41":{"start":{"line":71,"column":4},"end":{"line":71,"column":23}},"42":{"start":{"line":73,"column":4},"end":{"line":73,"column":16}},"43":{"start":{"line":77,"column":22},"end":{"line":102,"column":1}},"44":{"start":{"line":78,"column":2},"end":{"line":101,"column":3}},"45":{"start":{"line":79,"column":24},"end":{"line":83,"column":5}},"46":{"start":{"line":85,"column":28},"end":{"line":94,"column":15}},"47":{"start":{"line":96,"column":4},"end":{"line":96,"column":54}},"48":{"start":{"line":96,"column":15},"end":{"line":96,"column":54}},"49":{"start":{"line":98,"column":4},"end":{"line":98,"column":76}},"50":{"start":{"line":100,"column":4},"end":{"line":100,"column":16}},"51":{"start":{"line":104,"column":22},"end":{"line":128,"column":1}},"52":{"start":{"line":105,"column":2},"end":{"line":127,"column":3}},"53":{"start":{"line":106,"column":28},"end":{"line":117,"column":15}},"54":{"start":{"line":119,"column":4},"end":{"line":122,"column":5}},"55":{"start":{"line":120,"column":6},"end":{"line":120,"column":82}},"56":{"start":{"line":120,"column":37},"end":{"line":120,"column":82}},"57":{"start":{"line":121,"column":6},"end":{"line":121,"column":45}},"58":{"start":{"line":124,"column":4},"end":{"line":124,"column":64}},"59":{"start":{"line":126,"column":4},"end":{"line":126,"column":16}},"60":{"start":{"line":130,"column":22},"end":{"line":144,"column":1}},"61":{"start":{"line":131,"column":2},"end":{"line":143,"column":3}},"62":{"start":{"line":132,"column":22},"end":{"line":136,"column":29}},"63":{"start":{"line":138,"column":4},"end":{"line":138,"column":54}},"64":{"start":{"line":138,"column":15},"end":{"line":138,"column":54}},"65":{"start":{"line":140,"column":4},"end":{"line":140,"column":58}},"66":{"start":{"line":142,"column":4},"end":{"line":142,"column":16}},"67":{"start":{"line":146,"column":24},"end":{"line":170,"column":1}},"68":{"start":{"line":147,"column":2},"end":{"line":169,"column":3}},"69":{"start":{"line":148,"column":31},"end":{"line":151,"column":29}},"70":{"start":{"line":153,"column":18},"end":{"line":158,"column":5}},"71":{"start":{"line":160,"column":4},"end":{"line":164,"column":7}},"72":{"start":{"line":161,"column":6},"end":{"line":161,"column":69}},"73":{"start":{"line":162,"column":6},"end":{"line":162,"column":54}},"74":{"start":{"line":162,"column":31},"end":{"line":162,"column":54}},"75":{"start":{"line":163,"column":6},"end":{"line":163,"column":87}},"76":{"start":{"line":166,"column":4},"end":{"line":166,"column":30}},"77":{"start":{"line":168,"column":4},"end":{"line":168,"column":16}},"78":{"start":{"line":172,"column":0},"end":{"line":179,"column":2}}},"fnMap":{"0":{"name":"(anonymous_0)","decl":{"start":{"line":4,"column":19},"end":{"line":4,"column":20}},"loc":{"start":{"line":4,"column":28},"end":{"line":33,"column":1}},"line":4},"1":{"name":"(anonymous_1)","decl":{"start":{"line":35,"column":20},"end":{"line":35,"column":21}},"loc":{"start":{"line":35,"column":46},"end":{"line":49,"column":1}},"line":35},"2":{"name":"(anonymous_2)","decl":{"start":{"line":51,"column":19},"end":{"line":51,"column":20}},"loc":{"start":{"line":51,"column":45},"end":{"line":75,"column":1}},"line":51},"3":{"name":"(anonymous_3)","decl":{"start":{"line":77,"column":22},"end":{"line":77,"column":23}},"loc":{"start":{"line":77,"column":48},"end":{"line":102,"column":1}},"line":77},"4":{"name":"(anonymous_4)","decl":{"start":{"line":104,"column":22},"end":{"line":104,"column":23}},"loc":{"start":{"line":104,"column":48},"end":{"line":128,"column":1}},"line":104},"5":{"name":"(anonymous_5)","decl":{"start":{"line":130,"column":22},"end":{"line":130,"column":23}},"loc":{"start":{"line":130,"column":48},"end":{"line":144,"column":1}},"line":130},"6":{"name":"(anonymous_6)","decl":{"start":{"line":146,"column":24},"end":{"line":146,"column":25}},"loc":{"start":{"line":146,"column":50},"end":{"line":170,"column":1}},"line":146},"7":{"name":"(anonymous_7)","decl":{"start":{"line":160,"column":29},"end":{"line":160,"column":30}},"loc":{"start":{"line":160,"column":34},"end":{"line":164,"column":5}},"line":160}},"branchMap":{"0":{"loc":{"start":{"line":12,"column":2},"end":{"line":12,"column":69}},"type":"if","locations":[{"start":{"line":12,"column":2},"end":{"line":12,"column":69}},{"start":{},"end":{}}],"line":12},"1":{"loc":{"start":{"line":13,"column":2},"end":{"line":13,"column":81}},"type":"if","locations":[{"start":{"line":13,"column":2},"end":{"line":13,"column":81}},{"start":{},"end":{}}],"line":13},"2":{"loc":{"start":{"line":14,"column":2},"end":{"line":14,"column":127}},"type":"if","locations":[{"start":{"line":14,"column":2},"end":{"line":14,"column":127}},{"start":{},"end":{}}],"line":14},"3":{"loc":{"start":{"line":15,"column":2},"end":{"line":15,"column":93}},"type":"if","locations":[{"start":{"line":15,"column":2},"end":{"line":15,"column":93}},{"start":{},"end":{}}],"line":15},"4":{"loc":{"start":{"line":16,"column":2},"end":{"line":16,"column":75}},"type":"if","locations":[{"start":{"line":16,"column":2},"end":{"line":16,"column":75}},{"start":{},"end":{}}],"line":16},"5":{"loc":{"start":{"line":17,"column":2},"end":{"line":19,"column":3}},"type":"if","locations":[{"start":{"line":17,"column":2},"end":{"line":19,"column":3}},{"start":{},"end":{}}],"line":17},"6":{"loc":{"start":{"line":22,"column":17},"end":{"line":22,"column":49}},"type":"binary-expr","locations":[{"start":{"line":22,"column":17},"end":{"line":22,"column":33}},{"start":{"line":22,"column":37},"end":{"line":22,"column":49}}],"line":22},"7":{"loc":{"start":{"line":23,"column":20},"end":{"line":23,"column":66}},"type":"cond-expr","locations":[{"start":{"line":23,"column":52},"end":{"line":23,"column":57}},{"start":{"line":23,"column":60},"end":{"line":23,"column":66}}],"line":23},"8":{"loc":{"start":{"line":26,"column":15},"end":{"line":26,"column":44}},"type":"binary-expr","locations":[{"start":{"line":26,"column":15},"end":{"line":26,"column":39}},{"start":{"line":26,"column":43},"end":{"line":26,"column":44}}],"line":26},"9":{"loc":{"start":{"line":27,"column":25},"end":{"line":27,"column":56}},"type":"binary-expr","locations":[{"start":{"line":27,"column":25},"end":{"line":27,"column":50}},{"start":{"line":27,"column":54},"end":{"line":27,"column":56}}],"line":27},"10":{"loc":{"start":{"line":40,"column":4},"end":{"line":40,"column":54}},"type":"if","locations":[{"start":{"line":40,"column":4},"end":{"line":40,"column":
[...]
31":{"start":{"line":77,"column":4},"end":{"line":77,"column":16}},"32":{"start":{"line":81,"column":0},"end":{"line":81,"column":82}}},"fnMap":{"0":{"name":"(anonymous_0)","decl":{"start":{"line":6,"column":21},"end":{"line":6,"column":22}},"loc":{"start":{"line":6,"column":47},"end":{"line":55,"column":1}},"line":6},"1":{"name":"(anonymous_1)","decl":{"start":{"line":57,"column":23},"end":{"line":57,"column":24}},"loc":{"start":{"line":57,"column":33},"end":{"line":71,"column":1}},"line":57},"2":{"name":"(anonymous_2)","decl":{"start":{"line":73,"column":27},"end":{"line":73,"column":28}},"loc":{"start":{"line":73,"column":38},"end":{"line":79,"column":1}},"line":73}},"branchMap":{"0":{"loc":{"start":{"line":4,"column":19},"end":{"line":4,"column":78}},"type":"binary-expr","locations":[{"start":{"line":4,"column":19},"end":{"line":4,"column":41}},{"start":{"line":4,"column":45},"end":{"line":4,"column":78}}],"line":4},"1":{"loc":{"start":{"line":11,"column":18},"end":{"line":13,"column":19}},"type":"cond-expr","locations":[{"start":{"line":12,"column":8},"end":{"line":12,"column":31}},{"start":{"line":13,"column":8},"end":{"line":13,"column":19}}],"line":11},"2":{"loc":{"start":{"line":15,"column":4},"end":{"line":17,"column":5}},"type":"if","locations":[{"start":{"line":15,"column":4},"end":{"line":17,"column":5}},{"start":{},"end":{}}],"line":15},"3":{"loc":{"start":{"line":24,"column":6},"end":{"line":26,"column":7}},"type":"if","locations":[{"start":{"line":24,"column":6},"end":{"line":26,"column":7}},{"start":{},"end":{}}],"line":24},"4":{"loc":{"start":{"line":31,"column":4},"end":{"line":48,"column":5}},"type":"if","locations":[{"start":{"line":31,"column":4},"end":{"line":48,"column":5}},{"start":{"line":42,"column":11},"end":{"line":48,"column":5}}],"line":31},"5":{"loc":{"start":{"line":31,"column":8},"end":{"line":31,"column":39}},"type":"binary-expr","locations":[{"start":{"line":31,"column":8},"end":{"line":31,"column":21}},{"start":{"line":31,"column":25},"end":{"line":31,"column":39}}],"line":31},"6":{"loc":{"start":{"line":33,"column":6},"end":{"line":35,"column":7}},"type":"if","locations":[{"start":{"line":33,"column":6},"end":{"line":35,"column":7}},{"start":{},"end":{}}],"line":33},"7":{"loc":{"start":{"line":33,"column":10},"end":{"line":33,"column":24}},"type":"binary-expr","locations":[{"start":{"line":33,"column":10},"end":{"line":33,"column":15}},{"start":{"line":33,"column":19},"end":{"line":33,"column":24}}],"line":33},"8":{"loc":{"start":{"line":39,"column":14},"end":{"line":39,"column":36}},"type":"binary-expr","locations":[{"start":{"line":39,"column":14},"end":{"line":39,"column":26}},{"start":{"line":39,"column":30},"end":{"line":39,"column":36}}],"line":39},"9":{"loc":{"start":{"line":46,"column":14},"end":{"line":46,"column":36}},"type":"binary-expr","locations":[{"start":{"line":46,"column":14},"end":{"line":46,"column":26}},{"start":{"line":46,"column":30},"end":{"line":46,"column":36}}],"line":46},"10":{"loc":{"start":{"line":61,"column":17},"end":{"line":61,"column":51}},"type":"binary-expr","locations":[{"start":{"line":61,"column":17},"end":{"line":61,"column":43}},{"start":{"line":61,"column":47},"end":{"line":61,"column":51}}],"line":61},"11":{"loc":{"start":{"line":67,"column":17},"end":{"line":67,"column":60}},"type":"binary-expr","locations":[{"start":{"line":67,"column":17},"end":{"line":67,"column":51}},{"start":{"line":67,"column":55},"end":{"line":67,"column":60}}],"line":67}},"s":{"0":2,"1":2,"2":2,"3":2,"4":5,"5":5,"6":5,"7":5,"8":5,"9":1,"10":4,"11":4,"12":2,"13":1,"14":1,"15":2,"16":2,"17":2,"18":0,"19":2,"20":0,"21":2,"22":0,"23":0,"24":2,"25":1,"26":1,"27":1,"28":2,"29":3,"30":3,"31":2,"32":2},"f":{"0":5,"1":1,"2":3},"b":{"0":[2,2],"1":[3,2],"2":[1,4],"3":[1,1],"4":[2,0],"5":[2,2],"6":[0,2],"7":[2,2],"8":[2,0],"9":[0,0],"10":[1,1],"11":[1,1]},"_coverageSchema":"1a1c01bbd47fc00a2c39e90264f33305004495a9","hash":"2fdec25167b1db2c51dbccf529c0990cad555a7a"}
,"/Users/umairkhan/Desktop/veyrivo-CRM/server/middleware/errorHandler.js": {"path":"/Users/umairkhan/Desktop/veyrivo-CRM/server/middleware/errorHandler.js","statementMap":{"0":{"start":{"line":1,"column":21},"end":{"line":48,"column":1}},"1":{"start":{"line":2,"column":2},"end":{"line":2,"column":31}},"2":{"start":{"line":5,"column":2},"end":{"line":18,"column":3}},"3":{"start":{"line":6,"column":4},"end":{"line":17,"column":5}},"4":{"start":{"line":8,"column":8},"end":{"line":8,"column":74}},"5":{"start":{"line":10,"column":8},"end":{"line":10,"column":80}},"6":{"start":{"line":12,"column":8},"end":{"line":12,"column":73}},"7":{"start":{"line":14,"column":8},"end":{"line":14,"column":75}},"8":{"start":{"line":16,"column":8},"end":{"line":16,"column":65}},"9":{"start":{"line":21,"column":2},"end":{"line":23,"column":3}},"10":{"start":{"line":22,"column":4},"end":{"line":22,"column":60}},"11":{"start":{"line":24,"column":2},"end":{"line":26,"column":3}},"12":{"start":{"line":25,"column":4},"end":{"line":25,"column":60}},"13":{"start":{"line":29,"column":2},"end":{"line":31,"column":3}},"14":{"start":{"line":30,"column":4},"end":{"line":30,"column":56}},"15":{"start":{"line":34,"column":2},"end":{"line":36,"column":3}},"16":{"start":{"line":35,"column":4},"end":{"line":35,"column":67}},"17":{"start":{"line":39,"column":17},"end":{"line":39,"column":34}},"18":{"start":{"line":40,"column":18},"end":{"line":42,"column":17}},"19":{"start":{"line":44,"column":2},"end":{"line":47,"column":5}},"20":{"start":{"line":52,"column":4},"end":{"line":52,"column":19}},"21":{"start":{"line":53,"column":4},"end":{"line":53,"column":33}},"22":{"start":{"line":54,"column":4},"end":{"line":54,"column":69}},"23":{"start":{"line":55,"column":4},"end":{"line":55,"column":30}},"24":{"start":{"line":57,"column":4},"end":{"line":57,"column":52}},"25":{"start":{"line":61,"column":0},"end":{"line":61,"column":44}}},"fnMap":{"0":{"name":"(anonymous_0)","decl":{"start":{"line":1,"column":21},"end":{"line":1,"column":22}},"loc":{"start":{"line":1,"column":46},"end":{"line":48,"column":1}},"line":1},"1":{"name":"(anonymous_1)","decl":{"start":{"line":51,"column":2},"end":{"line":51,"column":3}},"loc":{"start":{"line":51,"column":35},"end":{"line":58,"column":3}},"line":51}},"branchMap":{"0":{"loc":{"start":{"line":5,"column":2},"end":{"line":18,"column":3}},"type":"if","locations":[{"start":{"line":5,"column":2},"end":{"line":18,"column":3}},{"start":{},"end":{}}],"line":5},"1":{"loc":{"start":{"line":6,"column":4},"end":{"line":17,"column":5}},"type":"switch","locations":[{"start":{"line":7,"column":6},"end":{"line":8,"column":74}},{"start":{"line":9,"column":6},"end":{"line":10,"column":80}},{"start":{"line":11,"column":6},"end":{"line":12,"column":73}},{"start":{"line":13,"column":6},"end":{"line":14,"column":75}},{"start":{"line":15,"column":6},"end":{"line":16,"column":65}}],"line":6},"2":{"loc":{"start":{"line":21,"column":2},"end":{"line":23,"column":3}},"type":"if","locations":[{"start":{"line":21,"column":2},"end":{"line":23,"column":3}},{"start":{},"end":{}}],"line":21},"3":{"loc":{"start":{"line":24,"column":2},"end":{"line":26,"column":3}},"type":"if","locations":[{"start":{"line":24,"column":2},"end":{"line":26,"column":3}},{"start":{},"end":{}}],"line":24},"4":{"loc":{"start":{"line":29,"column":2},"end":{"line":31,"column":3}},"type":"if","locations":[{"start":{"line":29,"column":2},"end":{"line":31,"column":3}},{"start":{},"end":{}}],"line":29},"5":{"loc":{"start":{"line":34,"column":2},"end":{"line":36,"column":3}},"type":"if","locations":[{"start":{"line":34,"column":2},"end":{"line":36,"column":3}},{"start":{},"end":{}}],"line":34},"6":{"loc":{"start":{"line":39,"column":17},"end":{"line":39,"column":34}},"type":"binary-expr","locations":[{"start":{"line":39,"column":17},"end":{"line":39,"column":27}},{"start":{"line":39,"column":31},"end":{"line":39,"column":34}}],"line":39},"7":{"loc":{"start":{"line":40,"column":18},"end":{"line":42,"column":17}},"type":"cond-expr","locations":[{"start":{"line":41,"column":6},"end":{"line":41,"column":29}},{"start":{"line":42,"column":6},"end":{"line":42,"column":17}}],"line":40},"8":{"loc":{"start":{"line":46,"column":8},"end":{"line":46,"column":69}},"type":"binary-expr","locations":[{"start":{"line":46,"column":8},"end":{"line":46,"column":45}},{"start":{"line":46,"column":49},"end":{"line":46,"column":69}}],"line":46},"9":{"loc":{"start":{"line":54,"column":18},"end":{"line":54,"column":68}},"type":"cond-expr","locations":[{"start":{"line":54,"column":52},"end":{"line":54,"column":58}},{"start":{"line":54,"column":61},"end":{"line":54,"column":68}}],"line":54}},"s":{"0":7,"1":0,"2":0,"3":0,"4":0,"5":0,"6":0,"7":0,"8":0,"9":0,"10":0,"11":0,"12":0,"13":0,"14":0,"15":0,"16":0,"17":0,"18":0,"19":0,"20":39,"21":39,"22":39,"23":39,"24":39,"25":7},"f":{"0":0,"1":39},"b":{"0":[0,0],"1":[0,0,0,0,0],"2":[0,0],"3":[0,0],"4":[0,0],"5":[0,0],"6":[0,0],"7":[0,0],"8":[0,0],"9":[38,1]},"_coverageSchema":"1a1c01bbd47fc00a2c39e90264f33305004495a9","hash":"4dcc57dde7ea76167db828dabb256590b3692476"}
,"/Users/umairkhan/Desktop/veyrivo-CRM/server/middleware/validators.js": {"path":"/Users/umairkhan/Desktop/veyrivo-CRM/server/middleware/validators.js","statementMap":{"0":{"start":{"line":2,"column":17},"end":{"line":18,"column":1}},"1":{"start":{"line":2,"column":29},"end":{"line":18,"column":1}},"2":{"start":{"line":3,"column":27},"end":{"line":6,"column":4}},"3":{"start":{"line":8,"column":2},"end":{"line":14,"column":3}},"4":{"start":{"line":9,"column":19},"end":{"line":12,"column":7}},"5":{"start":{"line":9,"column":43},"end":{"line":12,"column":5}},"6":{"start":{"line":13,"column":4},"end":{"line":13,"column":81}},"7":{"start":{"line":16,"column":2},"end":{"line":16,"column":19}},"8":{"start":{"line":17,"column":2},"end":{"line":17,"column":9}},"9":{"start":{"line":21,"column":16},"end":{"line":112,"column":1}},"10":{"start":{"line":115,"column":23},"end":{"line":179,"column":1}},"11":{"start":{"line":115,"column":35},"end":{"line":179,"column":1}},"12":{"start":{"line":116,"column":17},"end":{"line":116,"column":19}},"13":{"start":{"line":118,"column":2},"end":{"line":172,"column":3}},"14":{"start":{"line":119,"column":18},"end":{"line":119,"column":35}},"15":{"start":{"line":122,"column":4},"end":{"line":125,"column":5}},"16":{"start":{"line":123,"column":6},"end":{"line":123,"column":62}},"17":{"start":{"line":124,"column":6},"end":{"line":124,"column":15}},"18":{"start":{"line":128,"column":4},"end":{"line":130,"column":5}},"19":{"start":{"line":129,"column":6},"end":{"line":129,"column":15}},"20":{"start":{"line":133,"column":4},"end":{"line":135,"column":5}},"21":{"start":{"line":134,"column":6},"end":{"line":134,"column":67}},"22":{"start":{"line":136,"column":4},"end":{"line":138,"column":5}},"23":{"start":{"line":137,"column":6},"end":{"line":137,"column":67}},"24":{"start":{"line":139,"column":4},"end":{"line":141,"column":5}},"25":{"start":{"line":140,"column":6},"end":{"line":140,"column":68}},"26":{"start":{"line":144,"column":4},"end":{"line":151,"column":5}},"27":{"start":{"line":145,"column":6},"end":{"line":147,"column":7}},"28":{"start":{"line":146,"column":8},"end":{"line":146,"column":99}},"29":{"start":{"line":148,"column":6},"end":{"line":150,"column":7}},"30":{"start":{"line":149,"column":8},"end":{"line":149,"column":98}},"31":{"start":{"line":154,"column":4},"end":{"line":161,"column":5}},"32":{"start":{"line":155,"column":6},"end":{"line":157,"column":7}},"33":{"start":{"line":156,"column":8},"end":{"line":156,"column":82}},"34":{"start":{"line":158,"column":6},"end":{"line":160,"column":7}},"35":{"start":{"line":159,"column":8},"end":{"line":159,"column":81}},"36":{"start":{"line":164,"column":4},"end":{"line":166,"column":5}},"37":{"start":{"line":165,"column":6},"end":{"line":165,"column":68}},"38":{"start":{"line":169,"column":4},"end":{"line":171,"column":5}},"39":{"start":{"line":170,"column":6},"end":{"line":170,"column":91}},"40":{"start":{"line":174,"column":2},"end":{"line":176,"column":3}},"41":{"start":{"line":175,"column":4},"end":{"line":175,"column":81}},"42":{"start":{"line":178,"column":2},"end":{"line":178,"column":9}},"43":{"start":{"line":181,"column":0},"end":{"line":181,"column":45}}},"fnMap":{"0":{"name":"(anonymous_0)","decl":{"start":{"line":2,"column":17},"end":{"line":2,"column":18}},"loc":{"start":{"line":2,"column":29},"end":{"line":18,"column":1}},"line":2},"1":{"name":"(anonymous_1)","decl":{"start":{"line":2,"column":29},"end":{"line":2,"column":30}},"loc":{"start":{"line":2,"column":49},"end":{"line":18,"column":1}},"line":2},"2":{"name":"(anonymous_2)","decl":{"start":{"line":9,"column":37},"end":{"line":9,"column":38}},"loc":{"start":{"line":9,"column":43},"end":{"line":12,"column":5}},"line":9},"3":{"name":"(anonymous_3)","decl":{"start":{"line":115,"column":23},"end":{"line":115,"column":24}},"loc":{"start":{"line":115,"column":35},"end":{"line":179,"column":1}},"line":115},"4":{"name":"(anonymous_4)","decl":{"start":{"line":115,"column":35},"end":{"line":115,"column":36}},"loc":{"start":{"line":115,"column":55},"end":{"line":179,"column":1}},"line":115}},"branchMap":{"0":{"loc":{"start":{"line":8,"column":2},"end":{"line":14,"column":3}},"type":"if","locations":[{"start":{"line":8,"column":2},"end":{"line":14,"column":3}},{"start":{},"end":{}}],"line":8},"1":{"loc":{"start":{"line":122,"column":4},"end":{"line":125,"column":5}},"type":"if","locations":[{"start":{"line":122,"column":4},"end":{"line":125,"column":5}},{"start":{},"end":{}}],"line":122},"2":{"loc":{"start":{"line":122,"column":8},"end":{"line":122,"column":81}},"type":"binary-expr","locations":[{"start":{"line":122,"column":8},"end":{"line":122,"column":22}},{"start":{"line":122,"column":27},"end":{"line":122,"column":46}},{"start":{"line":122,"column":50},"end":{"line":122,"column":64}},{"start":{"line":122,"column":68},"end":{"line":122,"column":80}}],"line":122},"3":{"loc":{"start":{"line":128,"column":4},"end":{"line":130,"column":5}},"type":"if","locations":[{"start":{"line":128,"column":4},"end":{"line":130,"column":5}},{"start":{},"end":{}}],"line":128},"4":{"loc":{"start":{"line":128,"column":8},"end":{"line":128,"column":82}},"type":"binary-expr","locations":[{"start":{"line":128,"column":8},"end":{"line":128,"column":23}},{"start":{"line":128,"column":28},"end":{"line":128,"column":47}},{"start":{"line":128,"column":51},"end":{"line":128,"column":65}},{"start":{"line":128,"column":69},"end":{"line":128,"column":81}}],"line":128},"5":{"loc":{"start":{"line":133,"column":4},"end":{"line":135,"column":5}},"type":"if","locations":[{"start":{"line":133,"column":4},"end":{"line":135,"column":5}},{"start":{},"end":{}}],"line":133},"6":{"loc":{"start":{"line":133,"column":8},"end":{"line":133,"column":60}},"type":"binary-expr","locations":[{"start":{"line":133,"column":8},"end":{"line":133,"column":31}},{"start":{"line":133,"column":35},"end":{"line":133,"column":60}}],"line":133},"7":{"loc":{"start":{"line":136,"column":4},"end":{"line":138,"column":5}},"type":"if","locations":[{"start":{"line":136,"column":4},"end":{"line":138,"column":5}},{"start":{},"end":{}}],"line":136},"8":{"loc":{"start":{"line":136,"column":8},"end":{"line":136,"column":60}},"type":"binary-expr","locations":[{"start":{"line":136,"column":8},"end":{"line":136,"column":31}},{"start":{"line":136,"column":35},"end":{"line":136,"column":60}}],"line":136},"9":{"loc":{"start":{"line":139,"column":4},"end":{"line":141,"column":5}},"type":"if","locations":[{"start":{"line":139,"column":4},"end":{"line":141,"column":5}},{"start":{},"end":{}}],"line":139},"10":{"loc":{"start":{"line":139,"column":8},"end":{"line":139,"column":62}},"type":"binary-expr","locations":[{"start":{"line":139,"column":8},"end":{"line":139,"column":32}},{"start":{"line":139,"column":36},"end":{"line":139,"column":62}}],"line":139},"11":{"loc":{"start":{"line":144,"column":4},"end":{"line":151,"column":5}},"type":"if","locations":[{"start":{"line":144,"column":4},"end":{"line":151,"column":5}},{"start":{},"end":{}}],"line":144},"12":{"loc":{"start":{"line":145,"column":6},"end":{"line":147,"column":7}},"type":"if","locations":[{"start":{"line":145,"column":6},"end":{"line":147,"column":7}},{"start":{},"end":{}}],"line":145},"13":{"loc":{"start":{"line":145,"column":10},"end":{"line":145,"column":59}},"type":"binary-expr","locations":[{"start":{"line":145,"column":10},"end":{"line":145,"column":25}},{"start":{"line":145,"column":29},"end":{"line":145,"column":59}}],"line":145},"14":{"loc":{"start":{"line":148,"column":6},"end":{"line":150,"column":7}},"type":"if","locations":[{"start":{"line":148,"column":6},"end":{"line":150,"column":7}},{"start":{},"end":{}}],"line":148},"15":{"loc":{"start":{"line":148,"column":10},"end":{"line":148,"column":59}},"type":"binary-expr","locations":[{"start":{"line":148,"column":10},"end":{"line":148,"column":25}},{"start":{"line":148,"column":29},"end":{"line":148,"column":59}}],"line":148},"16":{"loc":{"start":{"line":154,"column":4},"end":{"line":161,"column":5}},"type":"if","locations":[{"start":{"line":154,"column":4},"end":{"line":161,"column":5}},{"start":{},"end":{}}],"line":154},"17":{"loc":{"start":{"line":155,"column":6},"end":{"line":157,"column":7}},"type":"if","locations":[{"start":{"line":155,"column":6},"end":{"line":157,"column":7}},{"start":{},"end":{}}],"line":155},"18":{"loc":{"start":{"line":155,"column":10},"end":{"line":155,"column":54}},"type":"binary-expr","locations":[{"start":{"line":155,"column":10},"end":{"line":155,"column":33}},{"start":{"line":155,"column":37},"end":{"line":155,"column":54}}],"line":155},"19":{"loc":{"start":{"line":158,"column":6},"end":{"line":160,"column":7}},"type":"if","locations":[{"start":{"line":158,"column":6},"end":{"line":160,"column":7}},{"start":{},"end":{}}],"line":158},"20":{"loc":{"start":{"line":158,"column":10},"end":{"line":158,"column":54}},"type":"binary-expr","locations":[{"start":{"line":158,"column":10},"end":{"line":158,"column":33}},{"start":{"line":158,"column":37},"end":{"line":158,"column":54}}],"line":158},"21":{"loc":{"start":{"line":164,"column":4},"end":{"line":166,"column":5}},"type":"if","locations":[{"start":{"line":164,"column":4},"end":{"line":166,"column":5}},{"start":{},"end":{}}],"line":164},"22":{"loc":{"start":{"line":164,"column":8},"end":{"line":164,"column":51}},"type":"binary-expr","locations":[{"start":{"line":164,"column":8},"end":{"line":164,"column":21}},{"start":{"line":164,"column":25},"end":{"line":164,"column":51}}],"line":164},"23":{"loc":{"start":{"line":169,"column":4},"end":{"line":171,"column":5}},"type":"if","locations":[{"start":{"line":169,"column":4},"end":{"line":171,"column":5}},{"start":{},"end":{}}],"line":169},"24":{"loc":{"start":{"line":169,"column":8},"end":{"line":169,"column":49}},"type":"binary-expr","locations":[{"start":{"line":169,"column":8},"end":{"line":169,"column":18}},{"start":{"line":169,"column":22},"end":{"line":169,"column":49}}],"line":169},"25":{"loc":{"start":{"line":174,"column":2},"end":{"line":176,"column":3}},"type":"if","locations":[{"start":{"line":174,"column":2},"end":{"line":176,"column":3}},{"start":{},"end":{}}],"line":174}},"s":{"0":1,"1":0,"2":0,"3":0,"4":0,"5":0,"6":0,"7":0,"8":0,"9":1,"10":1,"11":0,"12":0,"13":0,"14":0,"15":0,"16":0,"17":0,"18":0,"19":0,"20":0,"21":0,"22":0,"23":0,"24":0,"25":0,"26":0,"27":0,"28":0,"29":0,"30":0,"31":0,"32":0,"33":0,"34":0,"35":0,"36":0,"37":0,"38":0,"39":0,"40":0,"41":0,"42":0,"43":1},"f":{"0":0,"1":0,"2":0,"3":0,"4":0},"b":{"0":[0,0],"1":[0,0],"2":[0,0,0,0],"3":[0,0],"4":[0,0,0,0],"5":[0,0],"6":[0,0],"7":[0,0],"8":[0,0],"9":[0,0],"10":[0,0],"11":[0,0],"12":[0,0],"13":[0,0],"14":[0,0],"15":[0,0],"16":[0,0],"17":[0,0],"18":[0,0],"19":[0,0],"20":[0,0],"21":[0,0],"22":[0,0],"23":[0,0],"24":[0,0],"25":[0,0]},"_coverageSchema":"1a1c01bbd47fc00a2c39e90264f33305004495a9","hash":"681b521e05ae567b53e8109844079ba80fd41750"}
}
