TN:
SF:controllers/activitiesController.js
FN:4,(anonymous_0)
FN:35,(anonymous_1)
FN:51,(anonymous_2)
FN:74,(anonymous_3)
FN:99,(anonymous_4)
FN:133,(anonymous_5)
FN:149,(anonymous_6)
FN:176,(anonymous_7)
FN:198,(anonymous_8)
FN:212,(anonymous_9)
FNF:10
FNH:10
FNDA:3,(anonymous_0)
FNDA:3,(anonymous_1)
FNDA:3,(anonymous_2)
FNDA:2,(anonymous_3)
FNDA:3,(anonymous_4)
FNDA:2,(anonymous_5)
FNDA:2,(anonymous_6)
FNDA:2,(anonymous_7)
FNDA:2,(anonymous_8)
FNDA:2,(anonymous_9)
DA:1,1
DA:2,1
DA:4,1
DA:5,3
DA:10,3
DA:11,3
DA:12,3
DA:13,3
DA:14,0
DA:16,3
DA:17,3
DA:18,0
DA:20,3
DA:22,3
DA:23,3
DA:24,3
DA:26,3
DA:27,3
DA:28,3
DA:29,3
DA:30,3
DA:32,3
DA:35,1
DA:36,3
DA:37,3
DA:38,3
DA:40,3
DA:42,2
DA:47,1
DA:51,1
DA:52,3
DA:53,3
DA:63,3
DA:64,1
DA:65,1
DA:68,2
DA:70,1
DA:74,1
DA:75,2
DA:76,2
DA:82,2
DA:91,2
DA:93,1
DA:95,1
DA:99,1
DA:100,3
DA:101,3
DA:107,3
DA:108,0
DA:111,3
DA:122,3
DA:123,1
DA:124,1
DA:127,2
DA:129,1
DA:133,1
DA:134,2
DA:135,2
DA:141,2
DA:143,1
DA:145,1
DA:149,1
DA:150,2
DA:151,2
DA:152,2
DA:153,2
DA:155,2
DA:168,2
DA:170,1
DA:172,1
DA:176,1
DA:177,2
DA:178,2
DA:190,0
DA:192,0
DA:194,2
DA:198,1
DA:199,2
DA:200,2
DA:205,2
DA:212,2
DA:213,2
DA:214,2
DA:215,2
DA:218,2
DA:220,0
DA:224,1
LF:87
LH:81
BRDA:10,0,0,0
BRDA:10,0,1,3
BRDA:11,1,0,0
BRDA:11,1,1,3
BRDA:12,2,0,0
BRDA:12,2,1,3
BRDA:13,3,0,0
BRDA:13,3,1,3
BRDA:13,4,0,3
BRDA:13,4,1,0
BRDA:16,5,0,0
BRDA:16,5,1,3
BRDA:17,6,0,0
BRDA:17,6,1,3
BRDA:22,7,0,3
BRDA:22,7,1,3
BRDA:23,8,0,0
BRDA:23,8,1,3
BRDA:26,9,0,3
BRDA:26,9,1,1
BRDA:27,10,0,3
BRDA:27,10,1,1
BRDA:40,11,0,1
BRDA:40,11,1,2
BRDA:44,12,0,2
BRDA:44,12,1,1
BRDA:44,13,0,2
BRDA:44,13,1,1
BRDA:63,14,0,1
BRDA:63,14,1,2
BRDA:64,15,0,0
BRDA:64,15,1,1
BRDA:79,16,0,2
BRDA:79,16,1,2
BRDA:91,17,0,1
BRDA:91,17,1,1
BRDA:107,18,0,0
BRDA:107,18,1,3
BRDA:107,19,0,3
BRDA:107,19,1,0
BRDA:122,20,0,1
BRDA:122,20,1,2
BRDA:123,21,0,0
BRDA:123,21,1,1
BRDA:141,22,0,1
BRDA:141,22,1,1
BRDA:151,23,0,2
BRDA:151,23,1,2
BRDA:168,24,0,1
BRDA:168,24,1,1
BRDA:190,25,0,0
BRDA:190,25,1,0
BRDA:209,26,0,2
BRDA:209,26,1,1
BRDA:212,27,0,2
BRDA:212,27,1,1
BRDA:213,28,0,2
BRDA:213,28,1,2
BRDA:214,29,0,2
BRDA:214,29,1,2
BRDA:215,30,0,2
BRDA:215,30,1,2
BRF:62
BRH:48
end_of_record
TN:
SF:controllers/analyticsController.js
FN:4,(anonymous_0)
FN:53,(anonymous_1)
FN:54,(anonymous_2)
FN:76,(anonymous_3)
FN:90,(anonymous_4)
FN:112,(anonymous_5)
FN:120,(anonymous_6)
FN:121,(anonymous_7)
FN:122,(anonymous_8)
FN:123,(anonymous_9)
FN:138,(anonymous_10)
FN:148,(anonymous_11)
FN:149,(anonymous_12)
FN:163,(anonymous_13)
FN:175,(anonymous_14)
FN:178,(anonymous_15)
FN:183,(anonymous_16)
FN:190,(anonymous_17)
FN:200,(anonymous_18)
FN:201,(anonymous_19)
FN:215,(anonymous_20)
FN:246,(anonymous_21)
FN:264,(anonymous_22)
FN:277,(anonymous_23)
FN:280,(anonymous_24)
FN:289,(anonymous_25)
FN:295,(anonymous_26)
FN:303,(anonymous_27)
FN:321,(anonymous_28)
FN:324,(anonymous_29)
FN:330,(anonymous_30)
FN:336,(anonymous_31)
FNF:32
FNH:29
FNDA:2,(anonymous_0)
FNDA:2,(anonymous_1)
FNDA:2,(anonymous_2)
FNDA:2,(anonymous_3)
FNDA:2,(anonymous_4)
FNDA:2,(anonymous_5)
FNDA:12,(anonymous_6)
FNDA:18,(anonymous_7)
FNDA:3,(anonymous_8)
FNDA:3,(anonymous_9)
FNDA:2,(anonymous_10)
FNDA:10,(anonymous_11)
FNDA:15,(anonymous_12)
FNDA:2,(anonymous_13)
FNDA:0,(anonymous_14)
FNDA:3,(anonymous_15)
FNDA:1,(anonymous_16)
FNDA:2,(anonymous_17)
FNDA:8,(anonymous_18)
FNDA:8,(anonymous_19)
FNDA:2,(anonymous_20)
FNDA:6,(anonymous_21)
FNDA:2,(anonymous_22)
FNDA:1,(anonymous_23)
FNDA:1,(anonymous_24)
FNDA:1,(anonymous_25)
FNDA:0,(anonymous_26)
FNDA:2,(anonymous_27)
FNDA:1,(anonymous_28)
FNDA:0,(anonymous_29)
FNDA:1,(anonymous_30)
FNDA:1,(anonymous_31)
DA:1,1
DA:2,1
DA:4,1
DA:5,2
DA:6,2
DA:7,2
DA:8,2
DA:11,2
DA:18,2
DA:26,2
DA:33,2
DA:40,2
DA:47,2
DA:53,2
DA:54,2
DA:57,2
DA:62,2
DA:65,2
DA:66,2
DA:67,2
DA:69,2
DA:76,2
DA:79,2
DA:80,2
DA:82,2
DA:90,2
DA:92,2
DA:108,0
DA:112,1
DA:113,2
DA:114,2
DA:119,2
DA:120,2
DA:121,18
DA:122,12
DA:123,12
DA:124,12
DA:132,2
DA:134,0
DA:138,1
DA:139,2
DA:140,2
DA:145,2
DA:146,2
DA:148,2
DA:149,15
DA:150,10
DA:157,2
DA:159,0
DA:163,1
DA:164,2
DA:165,2
DA:170,2
DA:174,2
DA:175,2
DA:177,2
DA:178,2
DA:179,3
DA:180,3
DA:183,2
DA:184,2
DA:186,0
DA:190,1
DA:191,2
DA:192,2
DA:197,2
DA:198,2
DA:200,2
DA:201,8
DA:202,8
DA:209,2
DA:211,0
DA:215,1
DA:216,2
DA:217,2
DA:218,2
DA:220,2
DA:221,12
DA:222,12
DA:223,12
DA:224,12
DA:226,12
DA:227,12
DA:229,12
DA:246,12
DA:247,12
DA:249,12
DA:258,2
DA:260,0
DA:264,1
DA:265,2
DA:266,2
DA:272,2
DA:276,2
DA:277,2
DA:279,2
DA:280,2
DA:281,1
DA:282,1
DA:283,1
DA:285,1
DA:286,1
DA:289,2
DA:295,0
DA:297,2
DA:299,0
DA:303,1
DA:304,2
DA:305,2
DA:310,2
DA:316,2
DA:320,2
DA:321,2
DA:323,2
DA:324,2
DA:325,0
DA:326,0
DA:329,2
DA:330,2
DA:331,1
DA:332,1
DA:335,2
DA:336,2
DA:343,2
DA:345,0
DA:349,1
LF:126
LH:115
BRDA:6,0,0,2
BRDA:6,0,1,2
BRDA:53,1,0,2
BRDA:53,1,1,0
BRDA:53,2,0,2
BRDA:53,2,1,0
BRDA:54,3,0,2
BRDA:54,3,1,0
BRDA:54,4,0,2
BRDA:54,4,1,0
BRDA:54,5,0,2
BRDA:54,5,1,1
BRDA:62,6,0,1
BRDA:62,6,1,1
BRDA:76,7,0,2
BRDA:76,7,1,0
BRDA:76,8,0,2
BRDA:76,8,1,0
BRDA:90,9,0,2
BRDA:90,9,1,0
BRDA:90,10,0,2
BRDA:90,10,1,0
BRDA:94,11,0,2
BRDA:94,11,1,1
BRDA:95,12,0,2
BRDA:95,12,1,1
BRDA:96,13,0,2
BRDA:96,13,1,1
BRDA:97,14,0,2
BRDA:97,14,1,1
BRDA:98,15,0,2
BRDA:98,15,1,1
BRDA:102,16,0,1
BRDA:102,16,1,1
BRDA:121,17,0,12
BRDA:121,17,1,6
BRDA:122,18,0,3
BRDA:122,18,1,0
BRDA:123,19,0,3
BRDA:123,19,1,0
BRDA:123,20,0,3
BRDA:123,20,1,3
BRDA:146,21,0,2
BRDA:146,21,1,1
BRDA:149,22,0,10
BRDA:149,22,1,5
BRDA:153,23,0,5
BRDA:153,23,1,5
BRDA:175,24,0,2
BRDA:175,24,1,0
BRDA:178,25,0,2
BRDA:178,25,1,1
BRDA:179,26,0,0
BRDA:179,26,1,3
BRDA:180,27,0,3
BRDA:180,27,1,1
BRDA:198,28,0,2
BRDA:198,28,1,1
BRDA:201,29,0,8
BRDA:201,29,1,4
BRDA:205,30,0,4
BRDA:205,30,1,4
BRDA:217,31,0,2
BRDA:217,31,1,2
BRDA:246,32,0,12
BRDA:246,32,1,6
BRDA:246,33,0,6
BRDA:246,33,1,0
BRDA:247,34,0,6
BRDA:247,34,1,6
BRDA:251,35,0,12
BRDA:251,35,1,6
BRDA:252,36,0,12
BRDA:252,36,1,6
BRDA:277,37,0,2
BRDA:277,37,1,1
BRDA:277,38,0,1
BRDA:277,38,1,0
BRDA:280,39,0,2
BRDA:280,39,1,0
BRDA:281,40,0,1
BRDA:281,40,1,1
BRDA:282,41,0,1
BRDA:282,41,1,0
BRDA:286,42,0,1
BRDA:286,42,1,0
BRDA:294,43,0,1
BRDA:294,43,1,0
BRDA:321,44,0,2
BRDA:321,44,1,1
BRDA:324,45,0,2
BRDA:324,45,1,0
BRDA:325,46,0,0
BRDA:325,46,1,0
BRDA:326,47,0,0
BRDA:326,47,1,0
BRDA:330,48,0,2
BRDA:330,48,1,0
BRDA:331,49,0,1
BRDA:331,49,1,0
BRDA:332,50,0,1
BRDA:332,50,1,1
BRDA:338,51,0,1
BRDA:338,51,1,1
BRDA:339,52,0,1
BRDA:339,52,1,0
BRF:106
BRH:80
end_of_record
TN:
SF:controllers/authController.js
FN:7,(anonymous_0)
FN:114,(anonymous_1)
FN:199,(anonymous_2)
FN:217,(anonymous_3)
FN:239,(anonymous_4)
FN:284,(anonymous_5)
FNF:6
FNH:4
FNDA:4,(anonymous_0)
FNDA:5,(anonymous_1)
FNDA:1,(anonymous_2)
FNDA:1,(anonymous_3)
FNDA:0,(anonymous_4)
FNDA:0,(anonymous_5)
DA:1,1
DA:2,1
DA:3,1
DA:4,1
DA:7,1
DA:8,4
DA:9,4
DA:13,4
DA:23,4
DA:24,1
DA:28,1
DA:34,0
DA:37,3
DA:38,0
DA:44,3
DA:56,3
DA:57,1
DA:61,1
DA:68,2
DA:69,1
DA:84,1
DA:91,1
DA:98,1
DA:109,2
DA:114,1
DA:115,5
DA:116,5
DA:120,5
DA:125,5
DA:126,1
DA:130,4
DA:131,1
DA:141,3
DA:148,3
DA:149,1
DA:151,1
DA:158,2
DA:159,1
DA:166,1
DA:173,1
DA:181,1
DA:194,3
DA:199,1
DA:200,1
DA:202,1
DA:205,1
DA:211,1
DA:213,0
DA:217,1
DA:218,1
DA:219,1
DA:225,1
DA:235,0
DA:239,1
DA:240,0
DA:241,0
DA:243,0
DA:244,0
DA:247,0
DA:249,0
DA:250,0
DA:254,0
DA:260,0
DA:261,0
DA:264,0
DA:271,0
DA:278,0
DA:280,0
DA:284,1
DA:285,0
DA:286,0
DA:288,0
DA:299,0
DA:301,0
DA:303,0
DA:307,1
LF:76
LH:52
BRDA:23,0,0,1
BRDA:23,0,1,3
BRDA:24,1,0,1
BRDA:24,1,1,0
BRDA:25,2,0,1
BRDA:25,2,1,0
BRDA:37,3,0,0
BRDA:37,3,1,3
BRDA:56,4,0,1
BRDA:56,4,1,2
BRDA:68,5,0,1
BRDA:68,5,1,1
BRDA:125,6,0,1
BRDA:125,6,1,4
BRDA:130,7,0,1
BRDA:130,7,1,3
BRDA:148,8,0,1
BRDA:148,8,1,2
BRDA:148,9,0,3
BRDA:148,9,1,2
BRDA:158,10,0,1
BRDA:158,10,1,1
BRDA:187,11,0,1
BRDA:187,11,1,0
BRDA:230,12,0,1
BRDA:230,12,1,0
BRDA:243,13,0,0
BRDA:243,13,1,0
BRDA:249,14,0,0
BRDA:249,14,1,0
BRDA:249,15,0,0
BRDA:249,15,1,0
BRDA:260,16,0,0
BRDA:260,16,1,0
BRDA:299,17,0,0
BRDA:299,17,1,0
BRF:36
BRH:21
end_of_record
TN:
SF:controllers/companiesController.js
FN:4,(anonymous_0)
FN:34,(anonymous_1)
FN:50,(anonymous_2)
FN:77,(anonymous_3)
FN:104,(anonymous_4)
FN:130,(anonymous_5)
FNF:6
FNH:6
FNDA:5,(anonymous_0)
FNDA:5,(anonymous_1)
FNDA:3,(anonymous_2)
FNDA:4,(anonymous_3)
FNDA:3,(anonymous_4)
FNDA:2,(anonymous_5)
DA:1,1
DA:2,1
DA:4,1
DA:5,5
DA:12,5
DA:13,5
DA:14,5
DA:15,5
DA:16,5
DA:17,1
DA:19,5
DA:21,5
DA:22,5
DA:23,5
DA:25,5
DA:26,5
DA:27,5
DA:28,5
DA:29,5
DA:31,5
DA:34,1
DA:35,5
DA:36,5
DA:37,5
DA:39,5
DA:41,4
DA:46,1
DA:50,1
DA:51,3
DA:52,3
DA:66,3
DA:67,2
DA:68,1
DA:71,1
DA:73,2
DA:77,1
DA:78,4
DA:79,4
DA:85,4
DA:96,4
DA:98,3
DA:100,1
DA:104,1
DA:105,3
DA:106,3
DA:119,3
DA:120,2
DA:121,1
DA:124,1
DA:126,2
DA:130,1
DA:131,2
DA:132,2
DA:138,2
DA:140,1
DA:142,1
DA:146,1
LF:57
LH:57
BRDA:12,0,0,1
BRDA:12,0,1,4
BRDA:13,1,0,1
BRDA:13,1,1,4
BRDA:14,2,0,0
BRDA:14,2,1,5
BRDA:15,3,0,0
BRDA:15,3,1,5
BRDA:16,4,0,1
BRDA:16,4,1,4
BRDA:21,5,0,5
BRDA:21,5,1,4
BRDA:22,6,0,1
BRDA:22,6,1,4
BRDA:25,7,0,5
BRDA:25,7,1,3
BRDA:26,8,0,5
BRDA:26,8,1,3
BRDA:39,9,0,1
BRDA:39,9,1,4
BRDA:43,10,0,4
BRDA:43,10,1,3
BRDA:43,11,0,4
BRDA:43,11,1,3
BRDA:66,12,0,2
BRDA:66,12,1,1
BRDA:67,13,0,1
BRDA:67,13,1,1
BRDA:82,14,0,4
BRDA:82,14,1,3
BRDA:96,15,0,1
BRDA:96,15,1,3
BRDA:119,16,0,2
BRDA:119,16,1,1
BRDA:120,17,0,1
BRDA:120,17,1,1
BRDA:138,18,0,1
BRDA:138,18,1,1
BRF:38
BRH:36
end_of_record
TN:
SF:controllers/contactsController.js
FN:4,(anonymous_0)
FN:35,(anonymous_1)
FN:51,(anonymous_2)
FN:77,(anonymous_3)
FN:104,(anonymous_4)
FN:130,(anonymous_5)
FN:146,(anonymous_6)
FN:160,(anonymous_7)
FNF:8
FNH:8
FNDA:6,(anonymous_0)
FNDA:6,(anonymous_1)
FNDA:3,(anonymous_2)
FNDA:4,(anonymous_3)
FNDA:3,(anonymous_4)
FNDA:2,(anonymous_5)
FNDA:3,(anonymous_6)
FNDA:3,(anonymous_7)
DA:1,1
DA:2,1
DA:4,1
DA:5,6
DA:12,6
DA:13,6
DA:14,6
DA:15,6
DA:16,6
DA:17,6
DA:18,1
DA:20,6
DA:22,6
DA:23,6
DA:24,6
DA:26,6
DA:27,6
DA:28,6
DA:29,6
DA:30,6
DA:32,6
DA:35,1
DA:36,6
DA:37,6
DA:38,6
DA:40,6
DA:42,5
DA:47,1
DA:51,1
DA:52,3
DA:53,3
DA:66,3
DA:67,2
DA:68,1
DA:71,1
DA:73,2
DA:77,1
DA:78,4
DA:79,4
DA:85,4
DA:96,4
DA:98,3
DA:100,1
DA:104,1
DA:105,3
DA:106,3
DA:119,3
DA:120,2
DA:121,1
DA:124,1
DA:126,2
DA:130,1
DA:131,2
DA:132,2
DA:138,2
DA:140,1
DA:142,1
DA:146,1
DA:147,3
DA:148,3
DA:153,3
DA:160,3
DA:161,3
DA:162,3
DA:163,3
DA:166,3
DA:168,0
DA:172,1
LF:68
LH:67
BRDA:12,0,0,1
BRDA:12,0,1,5
BRDA:13,1,0,1
BRDA:13,1,1,5
BRDA:14,2,0,1
BRDA:14,2,1,5
BRDA:15,3,0,1
BRDA:15,3,1,5
BRDA:16,4,0,0
BRDA:16,4,1,6
BRDA:17,5,0,1
BRDA:17,5,1,5
BRDA:22,6,0,6
BRDA:22,6,1,5
BRDA:23,7,0,1
BRDA:23,7,1,5
BRDA:26,8,0,6
BRDA:26,8,1,4
BRDA:27,9,0,6
BRDA:27,9,1,4
BRDA:40,10,0,1
BRDA:40,10,1,5
BRDA:44,11,0,5
BRDA:44,11,1,4
BRDA:44,12,0,5
BRDA:44,12,1,4
BRDA:66,13,0,2
BRDA:66,13,1,1
BRDA:67,14,0,1
BRDA:67,14,1,1
BRDA:82,15,0,4
BRDA:82,15,1,3
BRDA:96,16,0,1
BRDA:96,16,1,3
BRDA:119,17,0,2
BRDA:119,17,1,1
BRDA:120,18,0,1
BRDA:120,18,1,1
BRDA:138,19,0,1
BRDA:138,19,1,1
BRDA:157,20,0,3
BRDA:157,20,1,2
BRDA:160,21,0,3
BRDA:160,21,1,1
BRDA:161,22,0,3
BRDA:161,22,1,2
BRDA:162,23,0,2
BRDA:162,23,1,1
BRDA:163,24,0,3
BRDA:163,24,1,2
BRF:50
BRH:49
end_of_record
TN:
SF:controllers/dealsController.js
FN:4,(anonymous_0)
FN:35,(anonymous_1)
FN:51,(anonymous_2)
FN:79,(anonymous_3)
FN:107,(anonymous_4)
FN:139,(anonymous_5)
FN:155,(anonymous_6)
FN:169,(anonymous_7)
FNF:8
FNH:8
FNDA:5,(anonymous_0)
FNDA:5,(anonymous_1)
FNDA:3,(anonymous_2)
FNDA:4,(anonymous_3)
FNDA:4,(anonymous_4)
FNDA:2,(anonymous_5)
FNDA:4,(anonymous_6)
FNDA:6,(anonymous_7)
DA:1,1
DA:2,1
DA:4,1
DA:5,5
DA:14,5
DA:15,5
DA:16,5
DA:17,5
DA:18,1
DA:20,5
DA:22,5
DA:23,5
DA:24,5
DA:26,5
DA:27,5
DA:28,5
DA:29,5
DA:30,5
DA:32,5
DA:35,1
DA:36,5
DA:37,5
DA:38,5
DA:40,5
DA:42,4
DA:47,1
DA:51,1
DA:52,3
DA:53,3
DA:68,3
DA:69,2
DA:70,1
DA:73,1
DA:75,2
DA:79,1
DA:80,4
DA:81,4
DA:87,4
DA:99,4
DA:101,3
DA:103,1
DA:107,1
DA:108,4
DA:109,4
DA:114,4
DA:128,4
DA:129,2
DA:130,1
DA:133,2
DA:135,2
DA:139,1
DA:140,2
DA:141,2
DA:147,2
DA:149,1
DA:151,1
DA:155,1
DA:156,4
DA:157,4
DA:162,4
DA:169,4
DA:170,6
DA:171,6
DA:172,6
DA:175,4
DA:177,4
DA:179,0
DA:183,1
LF:68
LH:67
BRDA:14,0,0,1
BRDA:14,0,1,4
BRDA:15,1,0,1
BRDA:15,1,1,4
BRDA:16,2,0,1
BRDA:16,2,1,4
BRDA:17,3,0,1
BRDA:17,3,1,4
BRDA:22,4,0,5
BRDA:22,4,1,4
BRDA:23,5,0,1
BRDA:23,5,1,4
BRDA:26,6,0,5
BRDA:26,6,1,3
BRDA:27,7,0,5
BRDA:27,7,1,3
BRDA:40,8,0,1
BRDA:40,8,1,4
BRDA:44,9,0,4
BRDA:44,9,1,3
BRDA:44,10,0,4
BRDA:44,10,1,3
BRDA:68,11,0,2
BRDA:68,11,1,1
BRDA:69,12,0,1
BRDA:69,12,1,1
BRDA:84,13,0,4
BRDA:84,13,1,3
BRDA:99,14,0,1
BRDA:99,14,1,3
BRDA:128,15,0,2
BRDA:128,15,1,2
BRDA:129,16,0,1
BRDA:129,16,1,1
BRDA:147,17,0,1
BRDA:147,17,1,1
BRDA:166,18,0,4
BRDA:166,18,1,2
BRDA:169,19,0,4
BRDA:169,19,1,1
BRDA:170,20,0,6
BRDA:170,20,1,4
BRDA:171,21,0,6
BRDA:171,21,1,1
BRDA:172,22,0,6
BRDA:172,22,1,1
BRDA:172,23,0,6
BRDA:172,23,1,2
BRF:48
BRH:48
end_of_record
TN:
SF:controllers/leadsController.js
FN:4,(anonymous_0)
FN:56,(anonymous_1)
FN:77,(anonymous_2)
FN:108,(anonymous_3)
FN:138,(anonymous_4)
FN:183,(anonymous_5)
FN:199,(anonymous_6)
FN:207,(anonymous_7)
FN:218,(anonymous_8)
FN:229,(anonymous_9)
FNF:10
FNH:10
FNDA:5,(anonymous_0)
FNDA:5,(anonymous_1)
FNDA:3,(anonymous_2)
FNDA:4,(anonymous_3)
FNDA:4,(anonymous_4)
FNDA:2,(anonymous_5)
FNDA:4,(anonymous_6)
FNDA:4,(anonymous_7)
FNDA:4,(anonymous_8)
FNDA:5,(anonymous_9)
DA:1,1
DA:2,1
DA:4,1
DA:5,5
DA:16,5
DA:17,2
DA:19,5
DA:20,1
DA:22,5
DA:23,1
DA:25,5
DA:26,1
DA:28,5
DA:29,1
DA:31,5
DA:32,1
DA:34,5
DA:35,1
DA:39,5
DA:42,5
DA:43,5
DA:44,5
DA:47,5
DA:48,5
DA:49,5
DA:50,5
DA:51,5
DA:53,5
DA:56,1
DA:57,5
DA:58,5
DA:59,5
DA:61,5
DA:63,4
DA:73,1
DA:77,1
DA:78,3
DA:79,3
DA:95,3
DA:96,2
DA:97,1
DA:99,1
DA:102,1
DA:104,2
DA:108,1
DA:109,4
DA:110,4
DA:118,4
DA:130,4
DA:132,3
DA:134,1
DA:138,1
DA:139,4
DA:140,4
DA:147,4
DA:148,1
DA:151,3
DA:157,3
DA:158,2
DA:161,3
DA:175,3
DA:177,2
DA:179,2
DA:183,1
DA:184,2
DA:185,2
DA:191,2
DA:193,1
DA:195,1
DA:199,1
DA:200,4
DA:202,4
DA:207,4
DA:208,4
DA:209,4
DA:213,4
DA:218,4
DA:219,4
DA:220,4
DA:224,4
DA:229,5
DA:231,4
DA:240,0
DA:244,1
LF:84
LH:83
BRDA:4,0,0,0
BRDA:16,1,0,2
BRDA:16,1,1,3
BRDA:16,2,0,5
BRDA:16,2,1,2
BRDA:19,3,0,1
BRDA:19,3,1,4
BRDA:19,4,0,5
BRDA:19,4,1,1
BRDA:22,5,0,1
BRDA:22,5,1,4
BRDA:22,6,0,5
BRDA:22,6,1,1
BRDA:25,7,0,1
BRDA:25,7,1,4
BRDA:25,8,0,5
BRDA:25,8,1,1
BRDA:28,9,0,1
BRDA:28,9,1,4
BRDA:28,10,0,5
BRDA:28,10,1,1
BRDA:31,11,0,1
BRDA:31,11,1,4
BRDA:31,12,0,5
BRDA:31,12,1,1
BRDA:34,13,0,1
BRDA:34,13,1,4
BRDA:34,14,0,5
BRDA:34,14,1,1
BRDA:42,15,0,5
BRDA:42,15,1,4
BRDA:43,16,0,1
BRDA:43,16,1,4
BRDA:47,17,0,5
BRDA:47,17,1,3
BRDA:48,18,0,5
BRDA:48,18,1,3
BRDA:61,19,0,1
BRDA:61,19,1,4
BRDA:68,20,0,4
BRDA:68,20,1,3
BRDA:69,21,0,4
BRDA:69,21,1,3
BRDA:95,22,0,2
BRDA:95,22,1,1
BRDA:96,23,0,1
BRDA:96,23,1,1
BRDA:113,24,0,4
BRDA:113,24,1,3
BRDA:130,25,0,1
BRDA:130,25,1,3
BRDA:147,26,0,1
BRDA:147,26,1,3
BRDA:157,27,0,2
BRDA:157,27,1,1
BRDA:157,28,0,3
BRDA:157,28,1,2
BRDA:157,28,2,2
BRDA:175,29,0,1
BRDA:175,29,1,2
BRDA:191,30,0,1
BRDA:191,30,1,1
BRDA:207,31,0,4
BRDA:207,31,1,1
BRDA:208,32,0,4
BRDA:208,32,1,4
BRDA:218,33,0,4
BRDA:218,33,1,1
BRDA:219,34,0,4
BRDA:219,34,1,4
BRDA:229,35,0,4
BRDA:229,35,1,1
BRDA:229,36,0,5
BRDA:229,36,1,1
BRDA:236,37,0,4
BRDA:236,37,1,2
BRF:76
BRH:75
end_of_record
TN:
SF:middleware/auth.js
FN:6,(anonymous_0)
FN:57,(anonymous_1)
FN:73,(anonymous_2)
FNF:3
FNH:3
FNDA:5,(anonymous_0)
FNDA:1,(anonymous_1)
FNDA:3,(anonymous_2)
DA:1,2
DA:2,2
DA:4,2
DA:6,2
DA:7,5
DA:9,5
DA:10,5
DA:11,5
DA:15,5
DA:16,1
DA:21,4
DA:22,4
DA:24,2
DA:25,1
DA:27,1
DA:31,2
DA:32,2
DA:33,2
DA:34,0
DA:36,2
DA:43,0
DA:50,2
DA:52,0
DA:53,0
DA:57,2
DA:58,1
DA:64,1
DA:70,1
DA:73,2
DA:74,3
DA:75,3
DA:77,2
DA:81,2
LF:33
LH:29
BRDA:4,0,0,2
BRDA:4,0,1,2
BRDA:11,1,0,3
BRDA:11,1,1,2
BRDA:15,2,0,1
BRDA:15,2,1,4
BRDA:24,3,0,1
BRDA:24,3,1,1
BRDA:31,4,0,2
BRDA:31,4,1,0
BRDA:31,5,0,2
BRDA:31,5,1,2
BRDA:33,6,0,0
BRDA:33,6,1,2
BRDA:33,7,0,2
BRDA:33,7,1,2
BRDA:39,8,0,2
BRDA:39,8,1,0
BRDA:46,9,0,0
BRDA:46,9,1,0
BRDA:61,10,0,1
BRDA:61,10,1,1
BRDA:67,11,0,1
BRDA:67,11,1,1
BRF:24
BRH:19
end_of_record
TN:
SF:middleware/errorHandler.js
FN:1,(anonymous_0)
FN:51,(anonymous_1)
FNF:2
FNH:1
FNDA:0,(anonymous_0)
FNDA:39,(anonymous_1)
DA:1,7
DA:2,0
DA:5,0
DA:6,0
DA:8,0
DA:10,0
DA:12,0
DA:14,0
DA:16,0
DA:21,0
DA:22,0
DA:24,0
DA:25,0
DA:29,0
DA:30,0
DA:34,0
DA:35,0
DA:39,0
DA:40,0
DA:44,0
DA:52,39
DA:53,39
DA:54,39
DA:55,39
DA:57,39
DA:61,7
LF:26
LH:7
BRDA:5,0,0,0
BRDA:5,0,1,0
BRDA:6,1,0,0
BRDA:6,1,1,0
BRDA:6,1,2,0
BRDA:6,1,3,0
BRDA:6,1,4,0
BRDA:21,2,0,0
BRDA:21,2,1,0
BRDA:24,3,0,0
BRDA:24,3,1,0
BRDA:29,4,0,0
BRDA:29,4,1,0
BRDA:34,5,0,0
BRDA:34,5,1,0
BRDA:39,6,0,0
BRDA:39,6,1,0
BRDA:40,7,0,0
BRDA:40,7,1,0
BRDA:46,8,0,0
BRDA:46,8,1,0
BRDA:54,9,0,38
BRDA:54,9,1,1
BRF:23
BRH:2
end_of_record
TN:
SF:middleware/validators.js
FN:2,(anonymous_0)
FN:2,(anonymous_1)
FN:9,(anonymous_2)
FN:115,(anonymous_3)
FN:115,(anonymous_4)
FNF:5
FNH:0
FNDA:0,(anonymous_0)
FNDA:0,(anonymous_1)
FNDA:0,(anonymous_2)
FNDA:0,(anonymous_3)
FNDA:0,(anonymous_4)
DA:2,1
DA:3,0
DA:8,0
DA:9,0
DA:13,0
DA:16,0
DA:17,0
DA:21,1
DA:115,1
DA:116,0
DA:118,0
DA:119,0
DA:122,0
DA:123,0
DA:124,0
DA:128,0
DA:129,0
DA:133,0
DA:134,0
DA:136,0
DA:137,0
DA:139,0
DA:140,0
DA:144,0
DA:145,0
DA:146,0
DA:148,0
DA:149,0
DA:154,0
DA:155,0
DA:156,0
DA:158,0
DA:159,0
DA:164,0
DA:165,0
DA:169,0
DA:170,0
DA:174,0
DA:175,0
DA:178,0
DA:181,1
LF:41
LH:4
BRDA:8,0,0,0
BRDA:8,0,1,0
BRDA:122,1,0,0
BRDA:122,1,1,0
BRDA:122,2,0,0
BRDA:122,2,1,0
BRDA:122,2,2,0
BRDA:122,2,3,0
BRDA:128,3,0,0
BRDA:128,3,1,0
BRDA:128,4,0,0
BRDA:128,4,1,0
BRDA:128,4,2,0
BRDA:128,4,3,0
BRDA:133,5,0,0
BRDA:133,5,1,0
BRDA:133,6,0,0
BRDA:133,6,1,0
BRDA:136,7,0,0
BRDA:136,7,1,0
BRDA:136,8,0,0
BRDA:136,8,1,0
BRDA:139,9,0,0
BRDA:139,9,1,0
BRDA:139,10,0,0
BRDA:139,10,1,0
BRDA:144,11,0,0
BRDA:144,11,1,0
BRDA:145,12,0,0
BRDA:145,12,1,0
BRDA:145,13,0,0
BRDA:145,13,1,0
BRDA:148,14,0,0
BRDA:148,14,1,0
BRDA:148,15,0,0
BRDA:148,15,1,0
BRDA:154,16,0,0
BRDA:154,16,1,0
BRDA:155,17,0,0
BRDA:155,17,1,0
BRDA:155,18,0,0
BRDA:155,18,1,0
BRDA:158,19,0,0
BRDA:158,19,1,0
BRDA:158,20,0,0
BRDA:158,20,1,0
BRDA:164,21,0,0
BRDA:164,21,1,0
BRDA:164,22,0,0
BRDA:164,22,1,0
BRDA:169,23,0,0
BRDA:169,23,1,0
BRDA:169,24,0,0
BRDA:169,24,1,0
BRDA:174,25,0,0
BRDA:174,25,1,0
BRF:56
BRH:0
end_of_record
